{"meta": {"format": 3, "version": "7.11.0", "timestamp": "2025-10-27T07:05:09.838037", "branch_coverage": false, "show_contexts": false}, "files": {"backend/src/api/__init__.py": {"executed_lines": [1, 2, 3, 4, 5, 6, 7, 8, 9, 10], "summary": {"covered_lines": 10, "num_statements": 10, "percent_covered": 100.0, "percent_covered_display": "100.00", "missing_lines": 0, "excluded_lines": 0}, "missing_lines": [], "excluded_lines": [], "functions": {"": {"executed_lines": [1, 2, 3, 4, 5, 6, 7, 8, 9, 10], "summary": {"covered_lines": 10, "num_statements": 10, "percent_covered": 100.0, "percent_covered_display": "100.00", "missing_lines": 0, "excluded_lines": 0}, "missing_lines": [], "excluded_lines": []}}, "classes": {"": {"executed_lines": [1, 2, 3, 4, 5, 6, 7, 8, 9, 10], "summary": {"covered_lines": 10, "num_statements": 10, "percent_covered": 100.0, "percent_covered_display": "100.00", "missing_lines": 0, "excluded_lines": 0}, "missing_lines": [], "excluded_lines": []}}}, "backend/src/api/api.py": {"executed_lines": [1, 3, 4, 5, 6, 8, 10, 11, 12, 20, 27, 28, 29, 31, 32, 33, 36, 64, 73, 74, 77, 78, 79, 80, 81, 82, 83, 85, 89, 97, 210, 211, 212, 213, 214, 215, 216, 217, 218, 219, 221, 230, 242, 243, 244, 245, 246, 247, 248, 249, 251, 253, 263, 264, 275, 276, 277, 278, 279, 280, 282, 289, 296, 297, 305, 306, 307, 310, 311, 312, 313, 315, 316, 319, 320, 324, 325, 326, 327, 328, 329, 330, 331, 332, 333, 334, 335, 337, 357, 360, 363, 376, 388, 389, 405, 412, 413, 414, 415, 416, 419, 420, 421, 422, 423, 425, 428, 431, 436, 465, 480, 483], "summary": {"covered_lines": 112, "num_statements": 249, "percent_covered": 44.97991967871486, "percent_covered_display": "44.98", "missing_lines": 137, "excluded_lines": 0}, "missing_lines": [37, 38, 40, 43, 45, 46, 47, 48, 49, 50, 51, 52, 54, 55, 56, 57, 59, 61, 65, 66, 67, 68, 69, 70, 86, 87, 90, 119, 120, 122, 123, 124, 125, 127, 132, 133, 134, 135, 136, 137, 139, 140, 142, 143, 145, 146, 147, 148, 150, 152, 153, 154, 156, 157, 158, 159, 160, 161, 162, 164, 165, 166, 168, 170, 171, 172, 174, 195, 199, 204, 205, 207, 222, 227, 228, 231, 254, 265, 283, 284, 286, 287, 290, 298, 317, 321, 345, 354, 355, 358, 361, 369, 370, 372, 373, 374, 377, 391, 406, 407, 408, 409, 426, 429, 433, 434, 437, 438, 440, 441, 442, 444, 445, 446, 447, 448, 449, 450, 451, 452, 453, 455, 456, 459, 461, 463, 466, 467, 469, 470, 471, 472, 473, 474, 476, 477, 492], "excluded_lines": [], "functions": {"_process_inputs": {"executed_lines": [], "summary": {"covered_lines": 0, "num_statements": 4, "percent_covered": 0.0, "percent_covered_display": "0.00", "missing_lines": 4, "excluded_lines": 0}, "missing_lines": [37, 38, 40, 61], "excluded_lines": []}, "_process_inputs.add_inputs": {"executed_lines": [], "summary": {"covered_lines": 0, "num_statements": 14, "percent_covered": 0.0, "percent_covered_display": "0.00", "missing_lines": 14, "excluded_lines": 0}, "missing_lines": [43, 45, 46, 47, 48, 49, 50, 51, 52, 54, 55, 56, 57, 59], "excluded_lines": []}, "_process_outputs": {"executed_lines": [], "summary": {"covered_lines": 0, "num_statements": 6, "percent_covered": 0.0, "percent_covered_display": "0.00", "missing_lines": 6, "excluded_lines": 0}, "missing_lines": [65, 66, 67, 68, 69, 70], "excluded_lines": []}, "NodeGroup.add_node": {"executed_lines": [], "summary": {"covered_lines": 0, "num_statements": 2, "percent_covered": 0.0, "percent_covered_display": "0.00", "missing_lines": 2, "excluded_lines": 0}, "missing_lines": [86, 87], "excluded_lines": []}, "NodeGroup.to_dict": {"executed_lines": [], "summary": {"covered_lines": 0, "num_statements": 1, "percent_covered": 0.0, "percent_covered_display": "0.00", "missing_lines": 1, "excluded_lines": 0}, "missing_lines": [90], "excluded_lines": []}, "NodeGroup.register": {"executed_lines": [], "summary": {"covered_lines": 0, "num_statements": 20, "percent_covered": 0.0, "percent_covered_display": "0.00", "missing_lines": 20, "excluded_lines": 0}, "missing_lines": [119, 120, 122, 123, 124, 125, 127, 132, 139, 140, 142, 143, 145, 146, 147, 148, 150, 152, 164, 207], "excluded_lines": []}, "NodeGroup.register.to_list": {"executed_lines": [], "summary": {"covered_lines": 0, "num_statements": 5, "percent_covered": 0.0, "percent_covered_display": "0.00", "missing_lines": 5, "excluded_lines": 0}, "missing_lines": [133, 134, 135, 136, 137], "excluded_lines": []}, "NodeGroup.register.run_check": {"executed_lines": [], "summary": {"covered_lines": 0, "num_statements": 9, "percent_covered": 0.0, "percent_covered_display": "0.00", "missing_lines": 9, "excluded_lines": 0}, "missing_lines": [153, 154, 156, 157, 158, 159, 160, 161, 162], "excluded_lines": []}, "NodeGroup.register.inner_wrapper": {"executed_lines": [], "summary": {"covered_lines": 0, "num_statements": 11, "percent_covered": 0.0, "percent_covered_display": "0.00", "missing_lines": 11, "excluded_lines": 0}, "missing_lines": [165, 166, 168, 170, 171, 172, 174, 195, 199, 204, 205], "excluded_lines": []}, "Category.add_node_group": {"executed_lines": [], "summary": {"covered_lines": 0, "num_statements": 3, "percent_covered": 0.0, "percent_covered_display": "0.00", "missing_lines": 3, "excluded_lines": 0}, "missing_lines": [222, 227, 228], "excluded_lines": []}, "Category.to_dict": {"executed_lines": [], "summary": {"covered_lines": 0, "num_statements": 1, "percent_covered": 0.0, "percent_covered_display": "0.00", "missing_lines": 1, "excluded_lines": 0}, "missing_lines": [231], "excluded_lines": []}, "Dependency.to_dict": {"executed_lines": [], "summary": {"covered_lines": 0, "num_statements": 1, "percent_covered": 0.0, "percent_covered_display": "0.00", "missing_lines": 1, "excluded_lines": 0}, "missing_lines": [254], "excluded_lines": []}, "Dependency.from_dict": {"executed_lines": [], "summary": {"covered_lines": 0, "num_statements": 1, "percent_covered": 0.0, "percent_covered_display": "0.00", "missing_lines": 1, "excluded_lines": 0}, "missing_lines": [265], "excluded_lines": []}, "Feature.add_behavior": {"executed_lines": [], "summary": {"covered_lines": 0, "num_statements": 4, "percent_covered": 0.0, "percent_covered_display": "0.00", "missing_lines": 4, "excluded_lines": 0}, "missing_lines": [283, 284, 286, 287], "excluded_lines": []}, "Feature.to_dict": {"executed_lines": [], "summary": {"covered_lines": 0, "num_statements": 1, "percent_covered": 0.0, "percent_covered_display": "0.00", "missing_lines": 1, "excluded_lines": 0}, "missing_lines": [290], "excluded_lines": []}, "Feature.from_dict": {"executed_lines": [], "summary": {"covered_lines": 0, "num_statements": 1, "percent_covered": 0.0, "percent_covered_display": "0.00", "missing_lines": 1, "excluded_lines": 0}, "missing_lines": [298], "excluded_lines": []}, "FeatureState.enabled": {"executed_lines": [], "summary": {"covered_lines": 0, "num_statements": 1, "percent_covered": 0.0, "percent_covered_display": "0.00", "missing_lines": 1, "excluded_lines": 0}, "missing_lines": [317], "excluded_lines": []}, "FeatureState.disabled": {"executed_lines": [], "summary": {"covered_lines": 0, "num_statements": 1, "percent_covered": 0.0, "percent_covered_display": "0.00", "missing_lines": 1, "excluded_lines": 0}, "missing_lines": [321], "excluded_lines": []}, "Package.add_category": {"executed_lines": [], "summary": {"covered_lines": 0, "num_statements": 3, "percent_covered": 0.0, "percent_covered_display": "0.00", "missing_lines": 3, "excluded_lines": 0}, "missing_lines": [345, 354, 355], "excluded_lines": []}, "Package.add_dependency": {"executed_lines": [], "summary": {"covered_lines": 0, "num_statements": 1, "percent_covered": 0.0, "percent_covered_display": "0.00", "missing_lines": 1, "excluded_lines": 0}, "missing_lines": [358], "excluded_lines": []}, "Package.add_setting": {"executed_lines": [], "summary": {"covered_lines": 0, "num_statements": 1, "percent_covered": 0.0, "percent_covered_display": "0.00", "missing_lines": 1, "excluded_lines": 0}, "missing_lines": [361], "excluded_lines": []}, "Package.add_feature": {"executed_lines": [], "summary": {"covered_lines": 0, "num_statements": 5, "percent_covered": 0.0, "percent_covered_display": "0.00", "missing_lines": 5, "excluded_lines": 0}, "missing_lines": [369, 370, 372, 373, 374], "excluded_lines": []}, "Package.to_dict": {"executed_lines": [], "summary": {"covered_lines": 0, "num_statements": 1, "percent_covered": 0.0, "percent_covered_display": "0.00", "missing_lines": 1, "excluded_lines": 0}, "missing_lines": [377], "excluded_lines": []}, "Package.from_dict": {"executed_lines": [], "summary": {"covered_lines": 0, "num_statements": 1, "percent_covered": 0.0, "percent_covered_display": "0.00", "missing_lines": 1, "excluded_lines": 0}, "missing_lines": [391], "excluded_lines": []}, "_iter_py_files": {"executed_lines": [], "summary": {"covered_lines": 0, "num_statements": 4, "percent_covered": 0.0, "percent_covered_display": "0.00", "missing_lines": 4, "excluded_lines": 0}, "missing_lines": [406, 407, 408, 409], "excluded_lines": []}, "PackageRegistry.__init__": {"executed_lines": [421, 422, 423], "summary": {"covered_lines": 3, "num_statements": 3, "percent_covered": 100.0, "percent_covered_display": "100.00", "missing_lines": 0, "excluded_lines": 0}, "missing_lines": [], "excluded_lines": []}, "PackageRegistry.get_node": {"executed_lines": [], "summary": {"covered_lines": 0, "num_statements": 1, "percent_covered": 0.0, "percent_covered_display": "0.00", "missing_lines": 1, "excluded_lines": 0}, "missing_lines": [426], "excluded_lines": []}, "PackageRegistry.get_package": {"executed_lines": [], "summary": {"covered_lines": 0, "num_statements": 1, "percent_covered": 0.0, "percent_covered_display": "0.00", "missing_lines": 1, "excluded_lines": 0}, "missing_lines": [429], "excluded_lines": []}, "PackageRegistry.add": {"executed_lines": [], "summary": {"covered_lines": 0, "num_statements": 2, "percent_covered": 0.0, "percent_covered_display": "0.00", "missing_lines": 2, "excluded_lines": 0}, "missing_lines": [433, 434], "excluded_lines": []}, "PackageRegistry.load_nodes": {"executed_lines": [], "summary": {"covered_lines": 0, "num_statements": 20, "percent_covered": 0.0, "percent_covered_display": "0.00", "missing_lines": 20, "excluded_lines": 0}, "missing_lines": [437, 438, 440, 441, 442, 444, 445, 446, 447, 448, 449, 450, 451, 452, 453, 455, 456, 459, 461, 463], "excluded_lines": []}, "PackageRegistry._refresh_nodes": {"executed_lines": [], "summary": {"covered_lines": 0, "num_statements": 10, "percent_covered": 0.0, "percent_covered_display": "0.00", "missing_lines": 10, "excluded_lines": 0}, "missing_lines": [466, 467, 469, 470, 471, 472, 473, 474, 476, 477], "excluded_lines": []}, "add_package": {"executed_lines": [], "summary": {"covered_lines": 0, "num_statements": 1, "percent_covered": 0.0, "percent_covered_display": "0.00", "missing_lines": 1, "excluded_lines": 0}, "missing_lines": [492], "excluded_lines": []}, "": {"executed_lines": [1, 3, 4, 5, 6, 8, 10, 11, 12, 20, 27, 28, 29, 31, 32, 33, 36, 64, 73, 74, 77, 78, 79, 80, 81, 82, 83, 85, 89, 97, 210, 211, 212, 213, 214, 215, 216, 217, 218, 219, 221, 230, 242, 243, 244, 245, 246, 247, 248, 249, 251, 253, 263, 264, 275, 276, 277, 278, 279, 280, 282, 289, 296, 297, 305, 306, 307, 310, 311, 312, 313, 315, 316, 319, 320, 324, 325, 326, 327, 328, 329, 330, 331, 332, 333, 334, 335, 337, 357, 360, 363, 376, 388, 389, 405, 412, 413, 414, 415, 416, 419, 420, 425, 428, 431, 436, 465, 480, 483], "summary": {"covered_lines": 109, "num_statements": 109, "percent_covered": 100.0, "percent_covered_display": "100.00", "missing_lines": 0, "excluded_lines": 0}, "missing_lines": [], "excluded_lines": []}}, "classes": {"NodeGroup": {"executed_lines": [], "summary": {"covered_lines": 0, "num_statements": 48, "percent_covered": 0.0, "percent_covered_display": "0.00", "missing_lines": 48, "excluded_lines": 0}, "missing_lines": [86, 87, 90, 119, 120, 122, 123, 124, 125, 127, 132, 133, 134, 135, 136, 137, 139, 140, 142, 143, 145, 146, 147, 148, 150, 152, 153, 154, 156, 157, 158, 159, 160, 161, 162, 164, 165, 166, 168, 170, 171, 172, 174, 195, 199, 204, 205, 207], "excluded_lines": []}, "Category": {"executed_lines": [], "summary": {"covered_lines": 0, "num_statements": 4, "percent_covered": 0.0, "percent_covered_display": "0.00", "missing_lines": 4, "excluded_lines": 0}, "missing_lines": [222, 227, 228, 231], "excluded_lines": []}, "Dependency": {"executed_lines": [], "summary": {"covered_lines": 0, "num_statements": 2, "percent_covered": 0.0, "percent_covered_display": "0.00", "missing_lines": 2, "excluded_lines": 0}, "missing_lines": [254, 265], "excluded_lines": []}, "Feature": {"executed_lines": [], "summary": {"covered_lines": 0, "num_statements": 6, "percent_covered": 0.0, "percent_covered_display": "0.00", "missing_lines": 6, "excluded_lines": 0}, "missing_lines": [283, 284, 286, 287, 290, 298], "excluded_lines": []}, "FeatureBehavior": {"executed_lines": [], "summary": {"covered_lines": 0, "num_statements": 0, "percent_covered": 100.0, "percent_covered_display": "100.00", "missing_lines": 0, "excluded_lines": 0}, "missing_lines": [], "excluded_lines": []}, "FeatureState": {"executed_lines": [], "summary": {"covered_lines": 0, "num_statements": 2, "percent_covered": 0.0, "percent_covered_display": "0.00", "missing_lines": 2, "excluded_lines": 0}, "missing_lines": [317, 321], "excluded_lines": []}, "Package": {"executed_lines": [], "summary": {"covered_lines": 0, "num_statements": 12, "percent_covered": 0.0, "percent_covered_display": "0.00", "missing_lines": 12, "excluded_lines": 0}, "missing_lines": [345, 354, 355, 358, 361, 369, 370, 372, 373, 374, 377, 391], "excluded_lines": []}, "LoadErrorInfo": {"executed_lines": [], "summary": {"covered_lines": 0, "num_statements": 0, "percent_covered": 100.0, "percent_covered_display": "100.00", "missing_lines": 0, "excluded_lines": 0}, "missing_lines": [], "excluded_lines": []}, "PackageRegistry": {"executed_lines": [421, 422, 423], "summary": {"covered_lines": 3, "num_statements": 37, "percent_covered": 8.108108108108109, "percent_covered_display": "8.11", "missing_lines": 34, "excluded_lines": 0}, "missing_lines": [426, 429, 433, 434, 437, 438, 440, 441, 442, 444, 445, 446, 447, 448, 449, 450, 451, 452, 453, 455, 456, 459, 461, 463, 466, 467, 469, 470, 471, 472, 473, 474, 476, 477], "excluded_lines": []}, "": {"executed_lines": [1, 3, 4, 5, 6, 8, 10, 11, 12, 20, 27, 28, 29, 31, 32, 33, 36, 64, 73, 74, 77, 78, 79, 80, 81, 82, 83, 85, 89, 97, 210, 211, 212, 213, 214, 215, 216, 217, 218, 219, 221, 230, 242, 243, 244, 245, 246, 247, 248, 249, 251, 253, 263, 264, 275, 276, 277, 278, 279, 280, 282, 289, 296, 297, 305, 306, 307, 310, 311, 312, 313, 315, 316, 319, 320, 324, 325, 326, 327, 328, 329, 330, 331, 332, 333, 334, 335, 337, 357, 360, 363, 376, 388, 389, 405, 412, 413, 414, 415, 416, 419, 420, 425, 428, 431, 436, 465, 480, 483], "summary": {"covered_lines": 109, "num_statements": 138, "percent_covered": 78.98550724637681, "percent_covered_display": "78.99", "missing_lines": 29, "excluded_lines": 0}, "missing_lines": [37, 38, 40, 43, 45, 46, 47, 48, 49, 50, 51, 52, 54, 55, 56, 57, 59, 61, 65, 66, 67, 68, 69, 70, 406, 407, 408, 409, 492], "excluded_lines": []}}}, "backend/src/api/group.py": {"executed_lines": [1, 3, 5, 6, 8, 11, 14, 15, 26, 27, 31, 40, 41, 45], "summary": {"covered_lines": 14, "num_statements": 24, "percent_covered": 58.333333333333336, "percent_covered_display": "58.33", "missing_lines": 10, "excluded_lines": 0}, "missing_lines": [21, 22, 23, 28, 29, 32, 46, 48, 49, 51], "excluded_lines": [], "functions": {"GroupInfo.__init__": {"executed_lines": [], "summary": {"covered_lines": 0, "num_statements": 3, "percent_covered": 0.0, "percent_covered_display": "0.00", "missing_lines": 3, "excluded_lines": 0}, "missing_lines": [21, 22, 23], "excluded_lines": []}, "Group.__init__": {"executed_lines": [], "summary": {"covered_lines": 0, "num_statements": 2, "percent_covered": 0.0, "percent_covered_display": "0.00", "missing_lines": 2, "excluded_lines": 0}, "missing_lines": [28, 29], "excluded_lines": []}, "Group.to_dict": {"executed_lines": [], "summary": {"covered_lines": 0, "num_statements": 1, "percent_covered": 0.0, "percent_covered_display": "0.00", "missing_lines": 1, "excluded_lines": 0}, "missing_lines": [32], "excluded_lines": []}, "group": {"executed_lines": [], "summary": {"covered_lines": 0, "num_statements": 3, "percent_covered": 0.0, "percent_covered_display": "0.00", "missing_lines": 3, "excluded_lines": 0}, "missing_lines": [46, 48, 51], "excluded_lines": []}, "group.ret": {"executed_lines": [], "summary": {"covered_lines": 0, "num_statements": 1, "percent_covered": 0.0, "percent_covered_display": "0.00", "missing_lines": 1, "excluded_lines": 0}, "missing_lines": [49], "excluded_lines": []}, "": {"executed_lines": [1, 3, 5, 6, 8, 11, 14, 15, 26, 27, 31, 40, 41, 45], "summary": {"covered_lines": 14, "num_statements": 14, "percent_covered": 100.0, "percent_covered_display": "100.00", "missing_lines": 0, "excluded_lines": 0}, "missing_lines": [], "excluded_lines": []}}, "classes": {"GroupInfo": {"executed_lines": [], "summary": {"covered_lines": 0, "num_statements": 3, "percent_covered": 0.0, "percent_covered_display": "0.00", "missing_lines": 3, "excluded_lines": 0}, "missing_lines": [21, 22, 23], "excluded_lines": []}, "Group": {"executed_lines": [], "summary": {"covered_lines": 0, "num_statements": 3, "percent_covered": 0.0, "percent_covered_display": "0.00", "missing_lines": 3, "excluded_lines": 0}, "missing_lines": [28, 29, 32], "excluded_lines": []}, "": {"executed_lines": [1, 3, 5, 6, 8, 11, 14, 15, 26, 27, 31, 40, 41, 45], "summary": {"covered_lines": 14, "num_statements": 18, "percent_covered": 77.77777777777777, "percent_covered_display": "77.78", "missing_lines": 4, "excluded_lines": 0}, "missing_lines": [46, 48, 49, 51], "excluded_lines": []}}}, "backend/src/api/input.py": {"executed_lines": [1, 3, 4, 5, 6, 8, 10, 12, 25, 26, 27, 44, 45, 47, 54, 55, 56, 59, 60, 61, 64, 65, 66, 69, 70, 73, 74, 75, 76, 79, 83, 86, 87, 115, 120, 129, 150, 172, 176, 181, 185, 192, 196], "summary": {"covered_lines": 42, "num_statements": 90, "percent_covered": 46.666666666666664, "percent_covered_display": "46.67", "missing_lines": 48, "excluded_lines": 0}, "missing_lines": [48, 95, 96, 97, 98, 99, 100, 101, 102, 103, 104, 106, 107, 110, 111, 112, 117, 121, 122, 123, 127, 130, 132, 134, 136, 138, 139, 141, 142, 144, 151, 152, 173, 174, 177, 178, 179, 182, 183, 186, 187, 188, 189, 190, 193, 194, 197, 198], "excluded_lines": [], "functions": {"InputConversion.to_dict": {"executed_lines": [], "summary": {"covered_lines": 0, "num_statements": 1, "percent_covered": 0.0, "percent_covered_display": "0.00", "missing_lines": 1, "excluded_lines": 0}, "missing_lines": [48], "excluded_lines": []}, "BaseInput.__init__": {"executed_lines": [], "summary": {"covered_lines": 0, "num_statements": 15, "percent_covered": 0.0, "percent_covered_display": "0.00", "missing_lines": 15, "excluded_lines": 0}, "missing_lines": [95, 96, 97, 98, 99, 100, 101, 102, 103, 104, 106, 107, 110, 111, 112], "excluded_lines": []}, "BaseInput.enforce": {"executed_lines": [], "summary": {"covered_lines": 0, "num_statements": 1, "percent_covered": 0.0, "percent_covered_display": "0.00", "missing_lines": 1, "excluded_lines": 0}, "missing_lines": [117], "excluded_lines": []}, "BaseInput.enforce_": {"executed_lines": [], "summary": {"covered_lines": 0, "num_statements": 4, "percent_covered": 0.0, "percent_covered_display": "0.00", "missing_lines": 4, "excluded_lines": 0}, "missing_lines": [121, 122, 123, 127], "excluded_lines": []}, "BaseInput.get_error_value": {"executed_lines": [], "summary": {"covered_lines": 0, "num_statements": 9, "percent_covered": 0.0, "percent_covered_display": "0.00", "missing_lines": 9, "excluded_lines": 0}, "missing_lines": [130, 132, 134, 136, 138, 139, 141, 142, 144], "excluded_lines": []}, "BaseInput.to_dict": {"executed_lines": [], "summary": {"covered_lines": 0, "num_statements": 2, "percent_covered": 0.0, "percent_covered_display": "0.00", "missing_lines": 2, "excluded_lines": 0}, "missing_lines": [151, 152], "excluded_lines": []}, "BaseInput.with_id": {"executed_lines": [], "summary": {"covered_lines": 0, "num_statements": 2, "percent_covered": 0.0, "percent_covered_display": "0.00", "missing_lines": 2, "excluded_lines": 0}, "missing_lines": [173, 174], "excluded_lines": []}, "BaseInput.with_docs": {"executed_lines": [], "summary": {"covered_lines": 0, "num_statements": 3, "percent_covered": 0.0, "percent_covered_display": "0.00", "missing_lines": 3, "excluded_lines": 0}, "missing_lines": [177, 178, 179], "excluded_lines": []}, "BaseInput.suggest": {"executed_lines": [], "summary": {"covered_lines": 0, "num_statements": 2, "percent_covered": 0.0, "percent_covered_display": "0.00", "missing_lines": 2, "excluded_lines": 0}, "missing_lines": [182, 183], "excluded_lines": []}, "BaseInput.make_optional": {"executed_lines": [], "summary": {"covered_lines": 0, "num_statements": 5, "percent_covered": 0.0, "percent_covered_display": "0.00", "missing_lines": 5, "excluded_lines": 0}, "missing_lines": [186, 187, 188, 189, 190], "excluded_lines": []}, "BaseInput.make_lazy": {"executed_lines": [], "summary": {"covered_lines": 0, "num_statements": 2, "percent_covered": 0.0, "percent_covered_display": "0.00", "missing_lines": 2, "excluded_lines": 0}, "missing_lines": [193, 194], "excluded_lines": []}, "BaseInput.make_fused": {"executed_lines": [], "summary": {"covered_lines": 0, "num_statements": 2, "percent_covered": 0.0, "percent_covered_display": "0.00", "missing_lines": 2, "excluded_lines": 0}, "missing_lines": [197, 198], "excluded_lines": []}, "": {"executed_lines": [1, 3, 4, 5, 6, 8, 10, 12, 25, 26, 27, 44, 45, 47, 54, 55, 56, 59, 60, 61, 64, 65, 66, 69, 70, 73, 74, 75, 76, 79, 83, 86, 87, 115, 120, 129, 150, 172, 176, 181, 185, 192, 196], "summary": {"covered_lines": 42, "num_statements": 42, "percent_covered": 100.0, "percent_covered_display": "100.00", "missing_lines": 0, "excluded_lines": 0}, "missing_lines": [], "excluded_lines": []}}, "classes": {"InputConversion": {"executed_lines": [], "summary": {"covered_lines": 0, "num_statements": 1, "percent_covered": 0.0, "percent_covered_display": "0.00", "missing_lines": 1, "excluded_lines": 0}, "missing_lines": [48], "excluded_lines": []}, "IOFusion": {"executed_lines": [], "summary": {"covered_lines": 0, "num_statements": 0, "percent_covered": 100.0, "percent_covered_display": "100.00", "missing_lines": 0, "excluded_lines": 0}, "missing_lines": [], "excluded_lines": []}, "LiteralErrorValue": {"executed_lines": [], "summary": {"covered_lines": 0, "num_statements": 0, "percent_covered": 100.0, "percent_covered_display": "100.00", "missing_lines": 0, "excluded_lines": 0}, "missing_lines": [], "excluded_lines": []}, "FormattedErrorValue": {"executed_lines": [], "summary": {"covered_lines": 0, "num_statements": 0, "percent_covered": 100.0, "percent_covered_display": "100.00", "missing_lines": 0, "excluded_lines": 0}, "missing_lines": [], "excluded_lines": []}, "PendingErrorValue": {"executed_lines": [], "summary": {"covered_lines": 0, "num_statements": 0, "percent_covered": 100.0, "percent_covered_display": "100.00", "missing_lines": 0, "excluded_lines": 0}, "missing_lines": [], "excluded_lines": []}, "UnknownErrorValue": {"executed_lines": [], "summary": {"covered_lines": 0, "num_statements": 0, "percent_covered": 100.0, "percent_covered_display": "100.00", "missing_lines": 0, "excluded_lines": 0}, "missing_lines": [], "excluded_lines": []}, "BaseInput": {"executed_lines": [], "summary": {"covered_lines": 0, "num_statements": 47, "percent_covered": 0.0, "percent_covered_display": "0.00", "missing_lines": 47, "excluded_lines": 0}, "missing_lines": [95, 96, 97, 98, 99, 100, 101, 102, 103, 104, 106, 107, 110, 111, 112, 117, 121, 122, 123, 127, 130, 132, 134, 136, 138, 139, 141, 142, 144, 151, 152, 173, 174, 177, 178, 179, 182, 183, 186, 187, 188, 189, 190, 193, 194, 197, 198], "excluded_lines": []}, "": {"executed_lines": [1, 3, 4, 5, 6, 8, 10, 12, 25, 26, 27, 44, 45, 47, 54, 55, 56, 59, 60, 61, 64, 65, 66, 69, 70, 73, 74, 75, 76, 79, 83, 86, 87, 115, 120, 129, 150, 172, 176, 181, 185, 192, 196], "summary": {"covered_lines": 42, "num_statements": 42, "percent_covered": 100.0, "percent_covered_display": "100.00", "missing_lines": 0, "excluded_lines": 0}, "missing_lines": [], "excluded_lines": []}}}, "backend/src/api/iter.py": {"executed_lines": [1, 3, 4, 6, 7, 10, 11, 12, 13, 14, 15, 17, 18, 19, 21, 22, 23, 25, 26, 29, 31, 32, 38, 39, 40, 41, 42, 43, 45, 47, 48, 53, 55, 56, 57, 58, 59, 60, 62, 65, 66, 69, 70, 71, 72], "summary": {"covered_lines": 45, "num_statements": 45, "percent_covered": 100.0, "percent_covered_display": "100.00", "missing_lines": 0, "excluded_lines": 0}, "missing_lines": [], "excluded_lines": [], "functions": {"Generator.with_fail_fast": {"executed_lines": [18, 19], "summary": {"covered_lines": 2, "num_statements": 2, "percent_covered": 100.0, "percent_covered_display": "100.00", "missing_lines": 0, "excluded_lines": 0}, "missing_lines": [], "excluded_lines": []}, "Generator.with_metadata": {"executed_lines": [22, 23], "summary": {"covered_lines": 2, "num_statements": 2, "percent_covered": 100.0, "percent_covered_display": "100.00", "missing_lines": 0, "excluded_lines": 0}, "missing_lines": [], "excluded_lines": []}, "Generator.from_iter": {"executed_lines": [29], "summary": {"covered_lines": 1, "num_statements": 1, "percent_covered": 100.0, "percent_covered_display": "100.00", "missing_lines": 0, "excluded_lines": 0}, "missing_lines": [], "excluded_lines": []}, "Generator.from_list": {"executed_lines": [38, 45], "summary": {"covered_lines": 2, "num_statements": 2, "percent_covered": 100.0, "percent_covered_display": "100.00", "missing_lines": 0, "excluded_lines": 0}, "missing_lines": [], "excluded_lines": []}, "Generator.from_list.supplier": {"executed_lines": [39, 40, 41, 42, 43], "summary": {"covered_lines": 5, "num_statements": 5, "percent_covered": 100.0, "percent_covered_display": "100.00", "missing_lines": 0, "excluded_lines": 0}, "missing_lines": [], "excluded_lines": []}, "Generator.from_range": {"executed_lines": [53, 55, 62], "summary": {"covered_lines": 3, "num_statements": 3, "percent_covered": 100.0, "percent_covered_display": "100.00", "missing_lines": 0, "excluded_lines": 0}, "missing_lines": [], "excluded_lines": []}, "Generator.from_range.supplier": {"executed_lines": [56, 57, 58, 59, 60], "summary": {"covered_lines": 5, "num_statements": 5, "percent_covered": 100.0, "percent_covered_display": "100.00", "missing_lines": 0, "excluded_lines": 0}, "missing_lines": [], "excluded_lines": []}, "": {"executed_lines": [1, 3, 4, 6, 7, 10, 11, 12, 13, 14, 15, 17, 21, 25, 26, 31, 32, 47, 48, 65, 66, 69, 70, 71, 72], "summary": {"covered_lines": 25, "num_statements": 25, "percent_covered": 100.0, "percent_covered_display": "100.00", "missing_lines": 0, "excluded_lines": 0}, "missing_lines": [], "excluded_lines": []}}, "classes": {"Generator": {"executed_lines": [18, 19, 22, 23, 29, 38, 39, 40, 41, 42, 43, 45, 53, 55, 56, 57, 58, 59, 60, 62], "summary": {"covered_lines": 20, "num_statements": 20, "percent_covered": 100.0, "percent_covered_display": "100.00", "missing_lines": 0, "excluded_lines": 0}, "missing_lines": [], "excluded_lines": []}, "Collector": {"executed_lines": [], "summary": {"covered_lines": 0, "num_statements": 0, "percent_covered": 100.0, "percent_covered_display": "100.00", "missing_lines": 0, "excluded_lines": 0}, "missing_lines": [], "excluded_lines": []}, "": {"executed_lines": [1, 3, 4, 6, 7, 10, 11, 12, 13, 14, 15, 17, 21, 25, 26, 31, 32, 47, 48, 65, 66, 69, 70, 71, 72], "summary": {"covered_lines": 25, "num_statements": 25, "percent_covered": 100.0, "percent_covered_display": "100.00", "missing_lines": 0, "excluded_lines": 0}, "missing_lines": [], "excluded_lines": []}}}, "backend/src/api/lazy.py": {"executed_lines": [1, 3, 4, 5, 7, 10, 11, 13, 17, 23, 24, 28, 29, 32, 33, 37, 47, 48, 54, 55, 60, 61, 76, 77, 81, 82, 86, 87, 91, 92], "summary": {"covered_lines": 29, "num_statements": 74, "percent_covered": 39.189189189189186, "percent_covered_display": "39.19", "missing_lines": 45, "excluded_lines": 0}, "missing_lines": [14, 15, 19, 20, 21, 26, 30, 34, 38, 39, 40, 41, 42, 44, 49, 50, 51, 52, 56, 57, 58, 64, 65, 67, 68, 69, 70, 72, 74, 79, 84, 89, 93, 94, 96, 97, 98, 99, 101, 102, 103, 104, 105, 107, 109], "excluded_lines": [], "functions": {"_Result.__init__": {"executed_lines": [], "summary": {"covered_lines": 0, "num_statements": 2, "percent_covered": 0.0, "percent_covered_display": "0.00", "missing_lines": 2, "excluded_lines": 0}, "missing_lines": [14, 15], "excluded_lines": []}, "_Result.result": {"executed_lines": [], "summary": {"covered_lines": 0, "num_statements": 3, "percent_covered": 0.0, "percent_covered_display": "0.00", "missing_lines": 3, "excluded_lines": 0}, "missing_lines": [19, 20, 21], "excluded_lines": []}, "_Result.is_ok": {"executed_lines": [], "summary": {"covered_lines": 0, "num_statements": 1, "percent_covered": 0.0, "percent_covered_display": "0.00", "missing_lines": 1, "excluded_lines": 0}, "missing_lines": [26], "excluded_lines": []}, "_Result.ok": {"executed_lines": [], "summary": {"covered_lines": 0, "num_statements": 1, "percent_covered": 0.0, "percent_covered_display": "0.00", "missing_lines": 1, "excluded_lines": 0}, "missing_lines": [30], "excluded_lines": []}, "_Result.err": {"executed_lines": [], "summary": {"covered_lines": 0, "num_statements": 1, "percent_covered": 0.0, "percent_covered_display": "0.00", "missing_lines": 1, "excluded_lines": 0}, "missing_lines": [34], "excluded_lines": []}, "_to_result": {"executed_lines": [], "summary": {"covered_lines": 0, "num_statements": 2, "percent_covered": 0.0, "percent_covered_display": "0.00", "missing_lines": 2, "excluded_lines": 0}, "missing_lines": [38, 44], "excluded_lines": []}, "_to_result.wrapper": {"executed_lines": [], "summary": {"covered_lines": 0, "num_statements": 4, "percent_covered": 0.0, "percent_covered_display": "0.00", "missing_lines": 4, "excluded_lines": 0}, "missing_lines": [39, 40, 41, 42], "excluded_lines": []}, "Lazy.__init__": {"executed_lines": [], "summary": {"covered_lines": 0, "num_statements": 4, "percent_covered": 0.0, "percent_covered_display": "0.00", "missing_lines": 4, "excluded_lines": 0}, "missing_lines": [49, 50, 51, 52], "excluded_lines": []}, "Lazy.ready": {"executed_lines": [], "summary": {"covered_lines": 0, "num_statements": 3, "percent_covered": 0.0, "percent_covered_display": "0.00", "missing_lines": 3, "excluded_lines": 0}, "missing_lines": [56, 57, 58], "excluded_lines": []}, "Lazy.from_coroutine": {"executed_lines": [], "summary": {"covered_lines": 0, "num_statements": 2, "percent_covered": 0.0, "percent_covered_display": "0.00", "missing_lines": 2, "excluded_lines": 0}, "missing_lines": [64, 74], "excluded_lines": []}, "Lazy.from_coroutine.supplier": {"executed_lines": [], "summary": {"covered_lines": 0, "num_statements": 6, "percent_covered": 0.0, "percent_covered_display": "0.00", "missing_lines": 6, "excluded_lines": 0}, "missing_lines": [65, 67, 68, 69, 70, 72], "excluded_lines": []}, "Lazy.has_value": {"executed_lines": [], "summary": {"covered_lines": 0, "num_statements": 1, "percent_covered": 0.0, "percent_covered_display": "0.00", "missing_lines": 1, "excluded_lines": 0}, "missing_lines": [79], "excluded_lines": []}, "Lazy.has_error": {"executed_lines": [], "summary": {"covered_lines": 0, "num_statements": 1, "percent_covered": 0.0, "percent_covered_display": "0.00", "missing_lines": 1, "excluded_lines": 0}, "missing_lines": [84], "excluded_lines": []}, "Lazy.evaluation_time": {"executed_lines": [], "summary": {"covered_lines": 0, "num_statements": 1, "percent_covered": 0.0, "percent_covered_display": "0.00", "missing_lines": 1, "excluded_lines": 0}, "missing_lines": [89], "excluded_lines": []}, "Lazy.value": {"executed_lines": [], "summary": {"covered_lines": 0, "num_statements": 13, "percent_covered": 0.0, "percent_covered_display": "0.00", "missing_lines": 13, "excluded_lines": 0}, "missing_lines": [93, 94, 96, 97, 98, 99, 101, 102, 103, 104, 105, 107, 109], "excluded_lines": []}, "": {"executed_lines": [1, 3, 4, 5, 7, 10, 11, 13, 17, 23, 24, 28, 29, 32, 33, 37, 47, 48, 54, 55, 60, 61, 76, 77, 81, 82, 86, 87, 91, 92], "summary": {"covered_lines": 29, "num_statements": 29, "percent_covered": 100.0, "percent_covered_display": "100.00", "missing_lines": 0, "excluded_lines": 0}, "missing_lines": [], "excluded_lines": []}}, "classes": {"_Result": {"executed_lines": [], "summary": {"covered_lines": 0, "num_statements": 8, "percent_covered": 0.0, "percent_covered_display": "0.00", "missing_lines": 8, "excluded_lines": 0}, "missing_lines": [14, 15, 19, 20, 21, 26, 30, 34], "excluded_lines": []}, "Lazy": {"executed_lines": [], "summary": {"covered_lines": 0, "num_statements": 31, "percent_covered": 0.0, "percent_covered_display": "0.00", "missing_lines": 31, "excluded_lines": 0}, "missing_lines": [49, 50, 51, 52, 56, 57, 58, 64, 65, 67, 68, 69, 70, 72, 74, 79, 84, 89, 93, 94, 96, 97, 98, 99, 101, 102, 103, 104, 105, 107, 109], "excluded_lines": []}, "": {"executed_lines": [1, 3, 4, 5, 7, 10, 11, 13, 17, 23, 24, 28, 29, 32, 33, 37, 47, 48, 54, 55, 60, 61, 76, 77, 81, 82, 86, 87, 91, 92], "summary": {"covered_lines": 29, "num_statements": 35, "percent_covered": 82.85714285714286, "percent_covered_display": "82.86", "missing_lines": 6, "excluded_lines": 0}, "missing_lines": [38, 39, 40, 41, 42, 44], "excluded_lines": []}}}, "backend/src/api/node_check.py": {"executed_lines": [1, 3, 4, 5, 6, 7, 8, 9, 11, 12, 14, 17, 18, 21, 22, 23, 24, 25, 27, 28, 29, 30, 31, 42, 43, 44, 45, 50, 51, 52, 55, 56, 74, 84, 90, 107, 115, 125, 132, 137, 138, 141, 157, 194, 283], "summary": {"covered_lines": 45, "num_statements": 170, "percent_covered": 26.470588235294116, "percent_covered_display": "26.47", "missing_lines": 125, "excluded_lines": 0}, "missing_lines": [32, 33, 34, 35, 36, 37, 39, 46, 47, 57, 58, 72, 75, 76, 81, 85, 86, 87, 91, 92, 95, 100, 102, 103, 104, 108, 109, 110, 111, 112, 116, 117, 118, 119, 120, 122, 126, 127, 129, 133, 134, 143, 145, 146, 148, 149, 150, 151, 152, 153, 154, 158, 160, 161, 162, 165, 166, 167, 170, 174, 175, 179, 180, 181, 185, 186, 189, 202, 203, 205, 208, 209, 210, 211, 214, 215, 216, 217, 219, 220, 221, 222, 225, 226, 227, 232, 234, 235, 236, 237, 240, 241, 243, 244, 245, 247, 248, 249, 254, 255, 256, 258, 260, 261, 262, 263, 267, 268, 271, 272, 273, 278, 288, 299, 300, 301, 304, 305, 306, 310, 313, 316, 317, 318, 322], "excluded_lines": [], "functions": {"CheckLevel.parse": {"executed_lines": [29, 30, 31], "summary": {"covered_lines": 3, "num_statements": 10, "percent_covered": 30.0, "percent_covered_display": "30.00", "missing_lines": 7, "excluded_lines": 0}, "missing_lines": [32, 33, 34, 35, 36, 37, 39], "excluded_lines": []}, "_get_check_level": {"executed_lines": [43, 44, 45], "summary": {"covered_lines": 3, "num_statements": 5, "percent_covered": 60.0, "percent_covered_display": "60.00", "missing_lines": 2, "excluded_lines": 0}, "missing_lines": [46, 47], "excluded_lines": []}, "TypeTransformer.visit_BinOp": {"executed_lines": [], "summary": {"covered_lines": 0, "num_statements": 3, "percent_covered": 0.0, "percent_covered_display": "0.00", "missing_lines": 3, "excluded_lines": 0}, "missing_lines": [57, 58, 72], "excluded_lines": []}, "TypeTransformer.visit_Subscript": {"executed_lines": [], "summary": {"covered_lines": 0, "num_statements": 3, "percent_covered": 0.0, "percent_covered_display": "0.00", "missing_lines": 3, "excluded_lines": 0}, "missing_lines": [75, 76, 81], "excluded_lines": []}, "compile_type_string": {"executed_lines": [], "summary": {"covered_lines": 0, "num_statements": 3, "percent_covered": 0.0, "percent_covered_display": "0.00", "missing_lines": 3, "excluded_lines": 0}, "missing_lines": [85, 86, 87], "excluded_lines": []}, "eval_type": {"executed_lines": [], "summary": {"covered_lines": 0, "num_statements": 7, "percent_covered": 0.0, "percent_covered_display": "0.00", "missing_lines": 7, "excluded_lines": 0}, "missing_lines": [91, 92, 95, 100, 102, 103, 104], "excluded_lines": []}, "union_types": {"executed_lines": [], "summary": {"covered_lines": 0, "num_statements": 5, "percent_covered": 0.0, "percent_covered_display": "0.00", "missing_lines": 5, "excluded_lines": 0}, "missing_lines": [108, 109, 110, 111, 112], "excluded_lines": []}, "union_to_set": {"executed_lines": [], "summary": {"covered_lines": 0, "num_statements": 6, "percent_covered": 0.0, "percent_covered_display": "0.00", "missing_lines": 6, "excluded_lines": 0}, "missing_lines": [116, 117, 118, 119, 120, 122], "excluded_lines": []}, "is_subset_of": {"executed_lines": [], "summary": {"covered_lines": 0, "num_statements": 3, "percent_covered": 0.0, "percent_covered_display": "0.00", "missing_lines": 3, "excluded_lines": 0}, "missing_lines": [126, 127, 129], "excluded_lines": []}, "is_tuple": {"executed_lines": [], "summary": {"covered_lines": 0, "num_statements": 2, "percent_covered": 0.0, "percent_covered_display": "0.00", "missing_lines": 2, "excluded_lines": 0}, "missing_lines": [133, 134], "excluded_lines": []}, "get_type_annotations": {"executed_lines": [], "summary": {"covered_lines": 0, "num_statements": 10, "percent_covered": 0.0, "percent_covered_display": "0.00", "missing_lines": 10, "excluded_lines": 0}, "missing_lines": [143, 145, 146, 148, 149, 150, 151, 152, 153, 154], "excluded_lines": []}, "validate_return_type": {"executed_lines": [], "summary": {"covered_lines": 0, "num_statements": 16, "percent_covered": 0.0, "percent_covered_display": "0.00", "missing_lines": 16, "excluded_lines": 0}, "missing_lines": [158, 160, 161, 162, 165, 166, 167, 170, 174, 175, 179, 180, 181, 185, 186, 189], "excluded_lines": []}, "check_schema_types": {"executed_lines": [], "summary": {"covered_lines": 0, "num_statements": 45, "percent_covered": 0.0, "percent_covered_display": "0.00", "missing_lines": 45, "excluded_lines": 0}, "missing_lines": [202, 203, 205, 208, 209, 210, 211, 214, 215, 216, 217, 219, 220, 221, 222, 225, 226, 227, 232, 234, 235, 236, 237, 240, 241, 243, 244, 245, 247, 248, 249, 254, 255, 256, 258, 260, 261, 262, 263, 267, 268, 271, 272, 273, 278], "excluded_lines": []}, "check_naming_conventions": {"executed_lines": [], "summary": {"covered_lines": 0, "num_statements": 13, "percent_covered": 0.0, "percent_covered_display": "0.00", "missing_lines": 13, "excluded_lines": 0}, "missing_lines": [288, 299, 300, 301, 304, 305, 306, 310, 313, 316, 317, 318, 322], "excluded_lines": []}, "": {"executed_lines": [1, 3, 4, 5, 6, 7, 8, 9, 11, 12, 14, 17, 18, 21, 22, 23, 24, 25, 27, 28, 42, 50, 51, 52, 55, 56, 74, 84, 90, 107, 115, 125, 132, 137, 138, 141, 157, 194, 283], "summary": {"covered_lines": 39, "num_statements": 39, "percent_covered": 100.0, "percent_covered_display": "100.00", "missing_lines": 0, "excluded_lines": 0}, "missing_lines": [], "excluded_lines": []}}, "classes": {"CheckFailedError": {"executed_lines": [], "summary": {"covered_lines": 0, "num_statements": 0, "percent_covered": 100.0, "percent_covered_display": "100.00", "missing_lines": 0, "excluded_lines": 0}, "missing_lines": [], "excluded_lines": []}, "CheckLevel": {"executed_lines": [29, 30, 31], "summary": {"covered_lines": 3, "num_statements": 10, "percent_covered": 30.0, "percent_covered_display": "30.00", "missing_lines": 7, "excluded_lines": 0}, "missing_lines": [32, 33, 34, 35, 36, 37, 39], "excluded_lines": []}, "TypeTransformer": {"executed_lines": [], "summary": {"covered_lines": 0, "num_statements": 6, "percent_covered": 0.0, "percent_covered_display": "0.00", "missing_lines": 6, "excluded_lines": 0}, "missing_lines": [57, 58, 72, 75, 76, 81], "excluded_lines": []}, "FailedToParse": {"executed_lines": [], "summary": {"covered_lines": 0, "num_statements": 0, "percent_covered": 100.0, "percent_covered_display": "100.00", "missing_lines": 0, "excluded_lines": 0}, "missing_lines": [], "excluded_lines": []}, "": {"executed_lines": [1, 3, 4, 5, 6, 7, 8, 9, 11, 12, 14, 17, 18, 21, 22, 23, 24, 25, 27, 28, 42, 43, 44, 45, 50, 51, 52, 55, 56, 74, 84, 90, 107, 115, 125, 132, 137, 138, 141, 157, 194, 283], "summary": {"covered_lines": 42, "num_statements": 154, "percent_covered": 27.272727272727273, "percent_covered_display": "27.27", "missing_lines": 112, "excluded_lines": 0}, "missing_lines": [46, 47, 85, 86, 87, 91, 92, 95, 100, 102, 103, 104, 108, 109, 110, 111, 112, 116, 117, 118, 119, 120, 122, 126, 127, 129, 133, 134, 143, 145, 146, 148, 149, 150, 151, 152, 153, 154, 158, 160, 161, 162, 165, 166, 167, 170, 174, 175, 179, 180, 181, 185, 186, 189, 202, 203, 205, 208, 209, 210, 211, 214, 215, 216, 217, 219, 220, 221, 222, 225, 226, 227, 232, 234, 235, 236, 237, 240, 241, 243, 244, 245, 247, 248, 249, 254, 255, 256, 258, 260, 261, 262, 263, 267, 268, 271, 272, 273, 278, 288, 299, 300, 301, 304, 305, 306, 310, 313, 316, 317, 318, 322], "excluded_lines": []}}}, "backend/src/api/node_context.py": {"executed_lines": [1, 2, 3, 4, 6, 9, 10, 13, 14, 15, 16, 21, 22, 23, 28, 36, 48, 49, 56, 68, 69, 76, 77, 78, 81, 82, 85, 88, 91, 94, 98, 99, 104, 105, 108, 109, 112, 115, 118, 121, 129, 130, 134, 135, 136, 141, 142, 143, 150, 151], "summary": {"covered_lines": 33, "num_statements": 57, "percent_covered": 57.89473684210526, "percent_covered_display": "57.89", "missing_lines": 24, "excluded_lines": 42}, "missing_lines": [33, 34, 42, 43, 44, 45, 46, 66, 73, 79, 83, 86, 89, 92, 95, 100, 101, 102, 106, 110, 113, 116, 119, 122], "excluded_lines": [14, 15, 16, 17, 18, 19, 21, 22, 23, 24, 25, 26, 48, 49, 50, 51, 52, 53, 54, 134, 135, 136, 137, 138, 139, 141, 142, 143, 144, 145, 146, 147, 148, 150, 151, 152, 153, 154, 155, 156, 157, 158], "functions": {"Progress.aborted": {"executed_lines": [], "summary": {"covered_lines": 0, "num_statements": 0, "percent_covered": 100.0, "percent_covered_display": "100.00", "missing_lines": 0, "excluded_lines": 3}, "missing_lines": [], "excluded_lines": [17, 18, 19]}, "Progress.paused": {"executed_lines": [], "summary": {"covered_lines": 0, "num_statements": 0, "percent_covered": 100.0, "percent_covered_display": "100.00", "missing_lines": 0, "excluded_lines": 3}, "missing_lines": [], "excluded_lines": [24, 25, 26]}, "Progress.check_aborted": {"executed_lines": [], "summary": {"covered_lines": 0, "num_statements": 2, "percent_covered": 0.0, "percent_covered_display": "0.00", "missing_lines": 2, "excluded_lines": 0}, "missing_lines": [33, 34], "excluded_lines": []}, "Progress.suspend": {"executed_lines": [], "summary": {"covered_lines": 0, "num_statements": 5, "percent_covered": 0.0, "percent_covered_display": "0.00", "missing_lines": 5, "excluded_lines": 0}, "missing_lines": [42, 43, 44, 45, 46], "excluded_lines": []}, "Progress.set_progress": {"executed_lines": [], "summary": {"covered_lines": 0, "num_statements": 0, "percent_covered": 100.0, "percent_covered_display": "100.00", "missing_lines": 0, "excluded_lines": 5}, "missing_lines": [], "excluded_lines": [50, 51, 52, 53, 54]}, "Progress.sub_progress": {"executed_lines": [], "summary": {"covered_lines": 0, "num_statements": 1, "percent_covered": 0.0, "percent_covered_display": "0.00", "missing_lines": 1, "excluded_lines": 0}, "missing_lines": [66], "excluded_lines": []}, "Progress.noop_progress": {"executed_lines": [], "summary": {"covered_lines": 0, "num_statements": 1, "percent_covered": 0.0, "percent_covered_display": "0.00", "missing_lines": 1, "excluded_lines": 0}, "missing_lines": [73], "excluded_lines": []}, "_NoopProgress.aborted": {"executed_lines": [], "summary": {"covered_lines": 0, "num_statements": 1, "percent_covered": 0.0, "percent_covered_display": "0.00", "missing_lines": 1, "excluded_lines": 0}, "missing_lines": [79], "excluded_lines": []}, "_NoopProgress.paused": {"executed_lines": [], "summary": {"covered_lines": 0, "num_statements": 1, "percent_covered": 0.0, "percent_covered_display": "0.00", "missing_lines": 1, "excluded_lines": 0}, "missing_lines": [83], "excluded_lines": []}, "_NoopProgress.check_aborted": {"executed_lines": [], "summary": {"covered_lines": 0, "num_statements": 1, "percent_covered": 0.0, "percent_covered_display": "0.00", "missing_lines": 1, "excluded_lines": 0}, "missing_lines": [86], "excluded_lines": []}, "_NoopProgress.suspend": {"executed_lines": [], "summary": {"covered_lines": 0, "num_statements": 1, "percent_covered": 0.0, "percent_covered_display": "0.00", "missing_lines": 1, "excluded_lines": 0}, "missing_lines": [89], "excluded_lines": []}, "_NoopProgress.set_progress": {"executed_lines": [], "summary": {"covered_lines": 0, "num_statements": 1, "percent_covered": 0.0, "percent_covered_display": "0.00", "missing_lines": 1, "excluded_lines": 0}, "missing_lines": [92], "excluded_lines": []}, "_NoopProgress.sub_progress": {"executed_lines": [], "summary": {"covered_lines": 0, "num_statements": 1, "percent_covered": 0.0, "percent_covered_display": "0.00", "missing_lines": 1, "excluded_lines": 0}, "missing_lines": [95], "excluded_lines": []}, "_SubProgress.__init__": {"executed_lines": [], "summary": {"covered_lines": 0, "num_statements": 3, "percent_covered": 0.0, "percent_covered_display": "0.00", "missing_lines": 3, "excluded_lines": 0}, "missing_lines": [100, 101, 102], "excluded_lines": []}, "_SubProgress.aborted": {"executed_lines": [], "summary": {"covered_lines": 0, "num_statements": 1, "percent_covered": 0.0, "percent_covered_display": "0.00", "missing_lines": 1, "excluded_lines": 0}, "missing_lines": [106], "excluded_lines": []}, "_SubProgress.paused": {"executed_lines": [], "summary": {"covered_lines": 0, "num_statements": 1, "percent_covered": 0.0, "percent_covered_display": "0.00", "missing_lines": 1, "excluded_lines": 0}, "missing_lines": [110], "excluded_lines": []}, "_SubProgress.check_aborted": {"executed_lines": [], "summary": {"covered_lines": 0, "num_statements": 1, "percent_covered": 0.0, "percent_covered_display": "0.00", "missing_lines": 1, "excluded_lines": 0}, "missing_lines": [113], "excluded_lines": []}, "_SubProgress.suspend": {"executed_lines": [], "summary": {"covered_lines": 0, "num_statements": 1, "percent_covered": 0.0, "percent_covered_display": "0.00", "missing_lines": 1, "excluded_lines": 0}, "missing_lines": [116], "excluded_lines": []}, "_SubProgress.set_progress": {"executed_lines": [], "summary": {"covered_lines": 0, "num_statements": 1, "percent_covered": 0.0, "percent_covered_display": "0.00", "missing_lines": 1, "excluded_lines": 0}, "missing_lines": [119], "excluded_lines": []}, "_SubProgress.sub_progress": {"executed_lines": [], "summary": {"covered_lines": 0, "num_statements": 1, "percent_covered": 0.0, "percent_covered_display": "0.00", "missing_lines": 1, "excluded_lines": 0}, "missing_lines": [122], "excluded_lines": []}, "NodeContext.settings": {"executed_lines": [], "summary": {"covered_lines": 0, "num_statements": 0, "percent_covered": 100.0, "percent_covered_display": "100.00", "missing_lines": 0, "excluded_lines": 3}, "missing_lines": [], "excluded_lines": [137, 138, 139]}, "NodeContext.storage_dir": {"executed_lines": [], "summary": {"covered_lines": 0, "num_statements": 0, "percent_covered": 100.0, "percent_covered_display": "100.00", "missing_lines": 0, "excluded_lines": 5}, "missing_lines": [], "excluded_lines": [144, 145, 146, 147, 148]}, "NodeContext.add_cleanup": {"executed_lines": [], "summary": {"covered_lines": 0, "num_statements": 0, "percent_covered": 100.0, "percent_covered_display": "100.00", "missing_lines": 0, "excluded_lines": 5}, "missing_lines": [], "excluded_lines": [154, 155, 156, 157, 158]}, "": {"executed_lines": [1, 2, 3, 4, 6, 9, 10, 13, 14, 15, 16, 21, 22, 23, 28, 36, 48, 49, 56, 68, 69, 76, 77, 78, 81, 82, 85, 88, 91, 94, 98, 99, 104, 105, 108, 109, 112, 115, 118, 121, 129, 130, 134, 135, 136, 141, 142, 143, 150, 151], "summary": {"covered_lines": 33, "num_statements": 33, "percent_covered": 100.0, "percent_covered_display": "100.00", "missing_lines": 0, "excluded_lines": 18}, "missing_lines": [], "excluded_lines": [14, 15, 16, 21, 22, 23, 48, 49, 134, 135, 136, 141, 142, 143, 150, 151, 152, 153]}}, "classes": {"Aborted": {"executed_lines": [], "summary": {"covered_lines": 0, "num_statements": 0, "percent_covered": 100.0, "percent_covered_display": "100.00", "missing_lines": 0, "excluded_lines": 0}, "missing_lines": [], "excluded_lines": []}, "Progress": {"executed_lines": [], "summary": {"covered_lines": 0, "num_statements": 9, "percent_covered": 0.0, "percent_covered_display": "0.00", "missing_lines": 9, "excluded_lines": 11}, "missing_lines": [33, 34, 42, 43, 44, 45, 46, 66, 73], "excluded_lines": [17, 18, 19, 24, 25, 26, 50, 51, 52, 53, 54]}, "_NoopProgress": {"executed_lines": [], "summary": {"covered_lines": 0, "num_statements": 6, "percent_covered": 0.0, "percent_covered_display": "0.00", "missing_lines": 6, "excluded_lines": 0}, "missing_lines": [79, 83, 86, 89, 92, 95], "excluded_lines": []}, "_SubProgress": {"executed_lines": [], "summary": {"covered_lines": 0, "num_statements": 9, "percent_covered": 0.0, "percent_covered_display": "0.00", "missing_lines": 9, "excluded_lines": 0}, "missing_lines": [100, 101, 102, 106, 110, 113, 116, 119, 122], "excluded_lines": []}, "NodeContext": {"executed_lines": [], "summary": {"covered_lines": 0, "num_statements": 0, "percent_covered": 100.0, "percent_covered_display": "100.00", "missing_lines": 0, "excluded_lines": 13}, "missing_lines": [], "excluded_lines": [137, 138, 139, 144, 145, 146, 147, 148, 154, 155, 156, 157, 158]}, "": {"executed_lines": [1, 2, 3, 4, 6, 9, 10, 13, 14, 15, 16, 21, 22, 23, 28, 36, 48, 49, 56, 68, 69, 76, 77, 78, 81, 82, 85, 88, 91, 94, 98, 99, 104, 105, 108, 109, 112, 115, 118, 121, 129, 130, 134, 135, 136, 141, 142, 143, 150, 151], "summary": {"covered_lines": 33, "num_statements": 33, "percent_covered": 100.0, "percent_covered_display": "100.00", "missing_lines": 0, "excluded_lines": 18}, "missing_lines": [], "excluded_lines": [14, 15, 16, 21, 22, 23, 48, 49, 134, 135, 136, 141, 142, 143, 150, 151, 152, 153]}}}, "backend/src/api/node_data.py": {"executed_lines": [1, 3, 4, 5, 7, 9, 10, 11, 12, 13, 24, 25, 38, 46, 49, 50, 53, 54, 72, 81, 88, 91, 101, 102, 105, 106, 109, 110, 113, 114, 117, 121, 122, 136, 147, 148, 156, 172, 173, 174, 175, 176, 177, 178, 179, 181, 182, 183, 185, 186, 188, 189, 191, 192, 193, 194, 196, 198, 199, 203, 204], "summary": {"covered_lines": 60, "num_statements": 103, "percent_covered": 58.25242718446602, "percent_covered_display": "58.25", "missing_lines": 43, "excluded_lines": 0}, "missing_lines": [30, 31, 36, 39, 59, 60, 65, 67, 68, 77, 78, 79, 82, 89, 94, 95, 96, 97, 98, 103, 107, 111, 115, 118, 143, 144, 145, 150, 151, 152, 153, 154, 157, 158, 159, 160, 161, 162, 164, 200, 201, 205, 206], "excluded_lines": [], "functions": {"IteratorInputInfo.__init__": {"executed_lines": [], "summary": {"covered_lines": 0, "num_statements": 3, "percent_covered": 0.0, "percent_covered_display": "0.00", "missing_lines": 3, "excluded_lines": 0}, "missing_lines": [30, 31, 36], "excluded_lines": []}, "IteratorInputInfo.to_dict": {"executed_lines": [], "summary": {"covered_lines": 0, "num_statements": 1, "percent_covered": 0.0, "percent_covered_display": "0.00", "missing_lines": 1, "excluded_lines": 0}, "missing_lines": [39], "excluded_lines": []}, "AnyConstructor.__call__": {"executed_lines": [50], "summary": {"covered_lines": 1, "num_statements": 1, "percent_covered": 100.0, "percent_covered_display": "100.00", "missing_lines": 0, "excluded_lines": 0}, "missing_lines": [], "excluded_lines": []}, "IteratorOutputInfo.__init__": {"executed_lines": [], "summary": {"covered_lines": 0, "num_statements": 5, "percent_covered": 0.0, "percent_covered_display": "0.00", "missing_lines": 5, "excluded_lines": 0}, "missing_lines": [59, 60, 65, 67, 68], "excluded_lines": []}, "IteratorOutputInfo.with_item_types": {"executed_lines": [], "summary": {"covered_lines": 0, "num_statements": 3, "percent_covered": 0.0, "percent_covered_display": "0.00", "missing_lines": 3, "excluded_lines": 0}, "missing_lines": [77, 78, 79], "excluded_lines": []}, "IteratorOutputInfo.to_dict": {"executed_lines": [], "summary": {"covered_lines": 0, "num_statements": 1, "percent_covered": 0.0, "percent_covered_display": "0.00", "missing_lines": 1, "excluded_lines": 0}, "missing_lines": [82], "excluded_lines": []}, "IteratorOutputInfo.get_broadcast_sequence_type": {"executed_lines": [], "summary": {"covered_lines": 0, "num_statements": 1, "percent_covered": 0.0, "percent_covered_display": "0.00", "missing_lines": 1, "excluded_lines": 0}, "missing_lines": [89], "excluded_lines": []}, "IteratorOutputInfo.get_broadcast_item_types": {"executed_lines": [], "summary": {"covered_lines": 0, "num_statements": 5, "percent_covered": 0.0, "percent_covered_display": "0.00", "missing_lines": 5, "excluded_lines": 0}, "missing_lines": [94, 95, 96, 97, 98], "excluded_lines": []}, "KeyInfo.__init__": {"executed_lines": [], "summary": {"covered_lines": 0, "num_statements": 1, "percent_covered": 0.0, "percent_covered_display": "0.00", "missing_lines": 1, "excluded_lines": 0}, "missing_lines": [103], "excluded_lines": []}, "KeyInfo.enum": {"executed_lines": [], "summary": {"covered_lines": 0, "num_statements": 1, "percent_covered": 0.0, "percent_covered_display": "0.00", "missing_lines": 1, "excluded_lines": 0}, "missing_lines": [107], "excluded_lines": []}, "KeyInfo.number": {"executed_lines": [], "summary": {"covered_lines": 0, "num_statements": 1, "percent_covered": 0.0, "percent_covered_display": "0.00", "missing_lines": 1, "excluded_lines": 0}, "missing_lines": [111], "excluded_lines": []}, "KeyInfo.type": {"executed_lines": [], "summary": {"covered_lines": 0, "num_statements": 1, "percent_covered": 0.0, "percent_covered_display": "0.00", "missing_lines": 1, "excluded_lines": 0}, "missing_lines": [115], "excluded_lines": []}, "KeyInfo.to_dict": {"executed_lines": [], "summary": {"covered_lines": 0, "num_statements": 1, "percent_covered": 0.0, "percent_covered_display": "0.00", "missing_lines": 1, "excluded_lines": 0}, "missing_lines": [118], "excluded_lines": []}, "SpecialSuggestion.__init__": {"executed_lines": [], "summary": {"covered_lines": 0, "num_statements": 3, "percent_covered": 0.0, "percent_covered_display": "0.00", "missing_lines": 3, "excluded_lines": 0}, "missing_lines": [143, 144, 145], "excluded_lines": []}, "SpecialSuggestion._parse_query": {"executed_lines": [], "summary": {"covered_lines": 0, "num_statements": 5, "percent_covered": 0.0, "percent_covered_display": "0.00", "missing_lines": 5, "excluded_lines": 0}, "missing_lines": [150, 151, 152, 153, 154], "excluded_lines": []}, "SpecialSuggestion.to_dict": {"executed_lines": [], "summary": {"covered_lines": 0, "num_statements": 2, "percent_covered": 0.0, "percent_covered_display": "0.00", "missing_lines": 2, "excluded_lines": 0}, "missing_lines": [157, 164], "excluded_lines": []}, "SpecialSuggestion.to_dict.convert_value": {"executed_lines": [], "summary": {"covered_lines": 0, "num_statements": 5, "percent_covered": 0.0, "percent_covered_display": "0.00", "missing_lines": 5, "excluded_lines": 0}, "missing_lines": [158, 159, 160, 161, 162], "excluded_lines": []}, "NodeData.single_iterable_input": {"executed_lines": [], "summary": {"covered_lines": 0, "num_statements": 2, "percent_covered": 0.0, "percent_covered_display": "0.00", "missing_lines": 2, "excluded_lines": 0}, "missing_lines": [200, 201], "excluded_lines": []}, "NodeData.single_iterable_output": {"executed_lines": [], "summary": {"covered_lines": 0, "num_statements": 2, "percent_covered": 0.0, "percent_covered_display": "0.00", "missing_lines": 2, "excluded_lines": 0}, "missing_lines": [205, 206], "excluded_lines": []}, "": {"executed_lines": [1, 3, 4, 5, 7, 9, 10, 11, 12, 13, 24, 25, 38, 46, 49, 53, 54, 72, 81, 88, 91, 101, 102, 105, 106, 109, 110, 113, 114, 117, 121, 122, 136, 147, 148, 156, 172, 173, 174, 175, 176, 177, 178, 179, 181, 182, 183, 185, 186, 188, 189, 191, 192, 193, 194, 196, 198, 199, 203, 204], "summary": {"covered_lines": 59, "num_statements": 59, "percent_covered": 100.0, "percent_covered_display": "100.00", "missing_lines": 0, "excluded_lines": 0}, "missing_lines": [], "excluded_lines": []}}, "classes": {"IteratorInputInfo": {"executed_lines": [], "summary": {"covered_lines": 0, "num_statements": 4, "percent_covered": 0.0, "percent_covered_display": "0.00", "missing_lines": 4, "excluded_lines": 0}, "missing_lines": [30, 31, 36, 39], "excluded_lines": []}, "AnyConstructor": {"executed_lines": [50], "summary": {"covered_lines": 1, "num_statements": 1, "percent_covered": 100.0, "percent_covered_display": "100.00", "missing_lines": 0, "excluded_lines": 0}, "missing_lines": [], "excluded_lines": []}, "IteratorOutputInfo": {"executed_lines": [], "summary": {"covered_lines": 0, "num_statements": 15, "percent_covered": 0.0, "percent_covered_display": "0.00", "missing_lines": 15, "excluded_lines": 0}, "missing_lines": [59, 60, 65, 67, 68, 77, 78, 79, 82, 89, 94, 95, 96, 97, 98], "excluded_lines": []}, "KeyInfo": {"executed_lines": [], "summary": {"covered_lines": 0, "num_statements": 5, "percent_covered": 0.0, "percent_covered_display": "0.00", "missing_lines": 5, "excluded_lines": 0}, "missing_lines": [103, 107, 111, 115, 118], "excluded_lines": []}, "SpecialSuggestion": {"executed_lines": [], "summary": {"covered_lines": 0, "num_statements": 15, "percent_covered": 0.0, "percent_covered_display": "0.00", "missing_lines": 15, "excluded_lines": 0}, "missing_lines": [143, 144, 145, 150, 151, 152, 153, 154, 157, 158, 159, 160, 161, 162, 164], "excluded_lines": []}, "NodeData": {"executed_lines": [], "summary": {"covered_lines": 0, "num_statements": 4, "percent_covered": 0.0, "percent_covered_display": "0.00", "missing_lines": 4, "excluded_lines": 0}, "missing_lines": [200, 201, 205, 206], "excluded_lines": []}, "": {"executed_lines": [1, 3, 4, 5, 7, 9, 10, 11, 12, 13, 24, 25, 38, 46, 49, 53, 54, 72, 81, 88, 91, 101, 102, 105, 106, 109, 110, 113, 114, 117, 121, 122, 136, 147, 148, 156, 172, 173, 174, 175, 176, 177, 178, 179, 181, 182, 183, 185, 186, 188, 189, 191, 192, 193, 194, 196, 198, 199, 203, 204], "summary": {"covered_lines": 59, "num_statements": 59, "percent_covered": 100.0, "percent_covered_display": "100.00", "missing_lines": 0, "excluded_lines": 0}, "missing_lines": [], "excluded_lines": []}}}, "backend/src/api/output.py": {"executed_lines": [1, 3, 5, 7, 9, 10, 12, 15, 16, 38, 51, 55, 59, 63, 67, 71, 74, 77], "summary": {"covered_lines": 18, "num_statements": 43, "percent_covered": 41.86046511627907, "percent_covered_display": "41.86", "missing_lines": 25, "excluded_lines": 0}, "missing_lines": [24, 25, 26, 27, 28, 29, 30, 32, 35, 36, 39, 52, 53, 56, 57, 60, 61, 64, 65, 68, 69, 72, 75, 78, 79], "excluded_lines": [], "functions": {"BaseOutput.__init__": {"executed_lines": [], "summary": {"covered_lines": 0, "num_statements": 10, "percent_covered": 0.0, "percent_covered_display": "0.00", "missing_lines": 10, "excluded_lines": 0}, "missing_lines": [24, 25, 26, 27, 28, 29, 30, 32, 35, 36], "excluded_lines": []}, "BaseOutput.to_dict": {"executed_lines": [], "summary": {"covered_lines": 0, "num_statements": 1, "percent_covered": 0.0, "percent_covered_display": "0.00", "missing_lines": 1, "excluded_lines": 0}, "missing_lines": [39], "excluded_lines": []}, "BaseOutput.with_id": {"executed_lines": [], "summary": {"covered_lines": 0, "num_statements": 2, "percent_covered": 0.0, "percent_covered_display": "0.00", "missing_lines": 2, "excluded_lines": 0}, "missing_lines": [52, 53], "excluded_lines": []}, "BaseOutput.with_never_reason": {"executed_lines": [], "summary": {"covered_lines": 0, "num_statements": 2, "percent_covered": 0.0, "percent_covered_display": "0.00", "missing_lines": 2, "excluded_lines": 0}, "missing_lines": [56, 57], "excluded_lines": []}, "BaseOutput.with_docs": {"executed_lines": [], "summary": {"covered_lines": 0, "num_statements": 2, "percent_covered": 0.0, "percent_covered_display": "0.00", "missing_lines": 2, "excluded_lines": 0}, "missing_lines": [60, 61], "excluded_lines": []}, "BaseOutput.suggest": {"executed_lines": [], "summary": {"covered_lines": 0, "num_statements": 2, "percent_covered": 0.0, "percent_covered_display": "0.00", "missing_lines": 2, "excluded_lines": 0}, "missing_lines": [64, 65], "excluded_lines": []}, "BaseOutput.as_passthrough_of": {"executed_lines": [], "summary": {"covered_lines": 0, "num_statements": 2, "percent_covered": 0.0, "percent_covered_display": "0.00", "missing_lines": 2, "excluded_lines": 0}, "missing_lines": [68, 69], "excluded_lines": []}, "BaseOutput.get_broadcast_data": {"executed_lines": [], "summary": {"covered_lines": 0, "num_statements": 1, "percent_covered": 0.0, "percent_covered_display": "0.00", "missing_lines": 1, "excluded_lines": 0}, "missing_lines": [72], "excluded_lines": []}, "BaseOutput.get_broadcast_type": {"executed_lines": [], "summary": {"covered_lines": 0, "num_statements": 1, "percent_covered": 0.0, "percent_covered_display": "0.00", "missing_lines": 1, "excluded_lines": 0}, "missing_lines": [75], "excluded_lines": []}, "BaseOutput.enforce": {"executed_lines": [], "summary": {"covered_lines": 0, "num_statements": 2, "percent_covered": 0.0, "percent_covered_display": "0.00", "missing_lines": 2, "excluded_lines": 0}, "missing_lines": [78, 79], "excluded_lines": []}, "": {"executed_lines": [1, 3, 5, 7, 9, 10, 12, 15, 16, 38, 51, 55, 59, 63, 67, 71, 74, 77], "summary": {"covered_lines": 18, "num_statements": 18, "percent_covered": 100.0, "percent_covered_display": "100.00", "missing_lines": 0, "excluded_lines": 0}, "missing_lines": [], "excluded_lines": []}}, "classes": {"BaseOutput": {"executed_lines": [], "summary": {"covered_lines": 0, "num_statements": 25, "percent_covered": 0.0, "percent_covered_display": "0.00", "missing_lines": 25, "excluded_lines": 0}, "missing_lines": [24, 25, 26, 27, 28, 29, 30, 32, 35, 36, 39, 52, 53, 56, 57, 60, 61, 64, 65, 68, 69, 72, 75, 78, 79], "excluded_lines": []}, "": {"executed_lines": [1, 3, 5, 7, 9, 10, 12, 15, 16, 38, 51, 55, 59, 63, 67, 71, 74, 77], "summary": {"covered_lines": 18, "num_statements": 18, "percent_covered": 100.0, "percent_covered_display": "100.00", "missing_lines": 0, "excluded_lines": 0}, "missing_lines": [], "excluded_lines": []}}}, "backend/src/api/settings.py": {"executed_lines": [1, 3, 4, 6, 8, 9, 12, 13, 17, 18, 20, 22, 23, 26, 29, 37, 38, 41, 47, 55, 61, 68, 69, 70, 71, 72, 73, 74, 75, 78, 79, 80, 83, 84, 85, 86, 87, 88, 89, 90, 91, 94, 95, 96, 97, 98, 99, 100, 101, 102, 103, 106, 107, 108, 109, 110, 111, 112, 113, 114, 117], "summary": {"covered_lines": 61, "num_statements": 87, "percent_covered": 70.11494252873563, "percent_covered_display": "70.11", "missing_lines": 26, "excluded_lines": 0}, "missing_lines": [24, 27, 30, 31, 32, 33, 34, 39, 42, 43, 44, 45, 48, 49, 50, 51, 52, 53, 56, 57, 58, 59, 62, 63, 64, 65], "excluded_lines": [], "functions": {"ExecutionOptions.__init__": {"executed_lines": [17, 18, 20], "summary": {"covered_lines": 3, "num_statements": 3, "percent_covered": 100.0, "percent_covered_display": "100.00", "missing_lines": 0, "excluded_lines": 0}, "missing_lines": [], "excluded_lines": []}, "ExecutionOptions.parse": {"executed_lines": [], "summary": {"covered_lines": 0, "num_statements": 1, "percent_covered": 0.0, "percent_covered_display": "0.00", "missing_lines": 1, "excluded_lines": 0}, "missing_lines": [24], "excluded_lines": []}, "ExecutionOptions.get_package_settings_json": {"executed_lines": [], "summary": {"covered_lines": 0, "num_statements": 1, "percent_covered": 0.0, "percent_covered_display": "0.00", "missing_lines": 1, "excluded_lines": 0}, "missing_lines": [27], "excluded_lines": []}, "ExecutionOptions.get_package_settings": {"executed_lines": [], "summary": {"covered_lines": 0, "num_statements": 5, "percent_covered": 0.0, "percent_covered_display": "0.00", "missing_lines": 5, "excluded_lines": 0}, "missing_lines": [30, 31, 32, 33, 34], "excluded_lines": []}, "SettingsParser.__init__": {"executed_lines": [], "summary": {"covered_lines": 0, "num_statements": 1, "percent_covered": 0.0, "percent_covered_display": "0.00", "missing_lines": 1, "excluded_lines": 0}, "missing_lines": [39], "excluded_lines": []}, "SettingsParser.get_bool": {"executed_lines": [], "summary": {"covered_lines": 0, "num_statements": 4, "percent_covered": 0.0, "percent_covered_display": "0.00", "missing_lines": 4, "excluded_lines": 0}, "missing_lines": [42, 43, 44, 45], "excluded_lines": []}, "SettingsParser.get_int": {"executed_lines": [], "summary": {"covered_lines": 0, "num_statements": 6, "percent_covered": 0.0, "percent_covered_display": "0.00", "missing_lines": 6, "excluded_lines": 0}, "missing_lines": [48, 49, 50, 51, 52, 53], "excluded_lines": []}, "SettingsParser.get_str": {"executed_lines": [], "summary": {"covered_lines": 0, "num_statements": 4, "percent_covered": 0.0, "percent_covered_display": "0.00", "missing_lines": 4, "excluded_lines": 0}, "missing_lines": [56, 57, 58, 59], "excluded_lines": []}, "SettingsParser.get_cache_location": {"executed_lines": [], "summary": {"covered_lines": 0, "num_statements": 4, "percent_covered": 0.0, "percent_covered_display": "0.00", "missing_lines": 4, "excluded_lines": 0}, "missing_lines": [62, 63, 64, 65], "excluded_lines": []}, "": {"executed_lines": [1, 3, 4, 6, 8, 9, 12, 13, 22, 23, 26, 29, 37, 38, 41, 47, 55, 61, 68, 69, 70, 71, 72, 73, 74, 75, 78, 79, 80, 83, 84, 85, 86, 87, 88, 89, 90, 91, 94, 95, 96, 97, 98, 99, 100, 101, 102, 103, 106, 107, 108, 109, 110, 111, 112, 113, 114, 117], "summary": {"covered_lines": 58, "num_statements": 58, "percent_covered": 100.0, "percent_covered_display": "100.00", "missing_lines": 0, "excluded_lines": 0}, "missing_lines": [], "excluded_lines": []}}, "classes": {"ExecutionOptions": {"executed_lines": [17, 18, 20], "summary": {"covered_lines": 3, "num_statements": 10, "percent_covered": 30.0, "percent_covered_display": "30.00", "missing_lines": 7, "excluded_lines": 0}, "missing_lines": [24, 27, 30, 31, 32, 33, 34], "excluded_lines": []}, "SettingsParser": {"executed_lines": [], "summary": {"covered_lines": 0, "num_statements": 19, "percent_covered": 0.0, "percent_covered_display": "0.00", "missing_lines": 19, "excluded_lines": 0}, "missing_lines": [39, 42, 43, 44, 45, 48, 49, 50, 51, 52, 53, 56, 57, 58, 59, 62, 63, 64, 65], "excluded_lines": []}, "ToggleSetting": {"executed_lines": [], "summary": {"covered_lines": 0, "num_statements": 0, "percent_covered": 100.0, "percent_covered_display": "100.00", "missing_lines": 0, "excluded_lines": 0}, "missing_lines": [], "excluded_lines": []}, "DropdownOption": {"executed_lines": [], "summary": {"covered_lines": 0, "num_statements": 0, "percent_covered": 100.0, "percent_covered_display": "100.00", "missing_lines": 0, "excluded_lines": 0}, "missing_lines": [], "excluded_lines": []}, "DropdownSetting": {"executed_lines": [], "summary": {"covered_lines": 0, "num_statements": 0, "percent_covered": 100.0, "percent_covered_display": "100.00", "missing_lines": 0, "excluded_lines": 0}, "missing_lines": [], "excluded_lines": []}, "NumberSetting": {"executed_lines": [], "summary": {"covered_lines": 0, "num_statements": 0, "percent_covered": 100.0, "percent_covered_display": "100.00", "missing_lines": 0, "excluded_lines": 0}, "missing_lines": [], "excluded_lines": []}, "CacheSetting": {"executed_lines": [], "summary": {"covered_lines": 0, "num_statements": 0, "percent_covered": 100.0, "percent_covered_display": "100.00", "missing_lines": 0, "excluded_lines": 0}, "missing_lines": [], "excluded_lines": []}, "": {"executed_lines": [1, 3, 4, 6, 8, 9, 12, 13, 22, 23, 26, 29, 37, 38, 41, 47, 55, 61, 68, 69, 70, 71, 72, 73, 74, 75, 78, 79, 80, 83, 84, 85, 86, 87, 88, 89, 90, 91, 94, 95, 96, 97, 98, 99, 100, 101, 102, 103, 106, 107, 108, 109, 110, 111, 112, 113, 114, 117], "summary": {"covered_lines": 58, "num_statements": 58, "percent_covered": 100.0, "percent_covered_display": "100.00", "missing_lines": 0, "excluded_lines": 0}, "missing_lines": [], "excluded_lines": []}}}, "backend/src/api/types.py": {"executed_lines": [1, 3, 5, 6, 7, 8, 9, 10, 13, 15], "summary": {"covered_lines": 10, "num_statements": 10, "percent_covered": 100.0, "percent_covered_display": "100.00", "missing_lines": 0, "excluded_lines": 0}, "missing_lines": [], "excluded_lines": [], "functions": {"": {"executed_lines": [1, 3, 5, 6, 7, 8, 9, 10, 13, 15], "summary": {"covered_lines": 10, "num_statements": 10, "percent_covered": 100.0, "percent_covered_display": "100.00", "missing_lines": 0, "excluded_lines": 0}, "missing_lines": [], "excluded_lines": []}}, "classes": {"": {"executed_lines": [1, 3, 5, 6, 7, 8, 9, 10, 13, 15], "summary": {"covered_lines": 10, "num_statements": 10, "percent_covered": 100.0, "percent_covered_display": "100.00", "missing_lines": 0, "excluded_lines": 0}, "missing_lines": [], "excluded_lines": []}}}, "backend/src/chain/cache.py": {"executed_lines": [1, 3, 4, 6, 7, 9, 12, 13, 15, 16, 17, 19, 20, 21, 23, 24, 25, 28, 29, 32, 35, 37, 38, 39, 40, 42, 44, 46, 49, 50, 56, 65, 69, 71, 73, 76, 79, 80, 81, 82, 83, 86, 87, 92, 93, 94, 95, 97, 98, 99, 100, 101, 102, 104, 105, 106, 107, 108, 109, 111, 112, 113, 114, 116, 117, 118, 119, 120, 121, 122, 123, 124, 126, 127, 129, 131, 132, 133, 134, 135, 137, 139, 140, 141, 142, 145, 146, 147, 149, 150, 151, 153, 154, 155, 156, 157], "summary": {"covered_lines": 96, "num_statements": 102, "percent_covered": 94.11764705882354, "percent_covered_display": "94.12", "missing_lines": 6, "excluded_lines": 0}, "missing_lines": [41, 52, 58, 59, 67, 143], "excluded_lines": [], "functions": {"CacheStrategy.__init__": {"executed_lines": [16, 17], "summary": {"covered_lines": 2, "num_statements": 2, "percent_covered": 100.0, "percent_covered_display": "100.00", "missing_lines": 0, "excluded_lines": 0}, "missing_lines": [], "excluded_lines": []}, "CacheStrategy.static": {"executed_lines": [21], "summary": {"covered_lines": 1, "num_statements": 1, "percent_covered": 100.0, "percent_covered_display": "100.00", "missing_lines": 0, "excluded_lines": 0}, "missing_lines": [], "excluded_lines": []}, "CacheStrategy.no_caching": {"executed_lines": [25], "summary": {"covered_lines": 1, "num_statements": 1, "percent_covered": 100.0, "percent_covered_display": "100.00", "missing_lines": 0, "excluded_lines": 0}, "missing_lines": [], "excluded_lines": []}, "get_cache_strategies": {"executed_lines": [35, 37, 44, 46, 49, 50, 56, 65, 69, 71, 73], "summary": {"covered_lines": 11, "num_statements": 15, "percent_covered": 73.33333333333333, "percent_covered_display": "73.33", "missing_lines": 4, "excluded_lines": 0}, "missing_lines": [52, 58, 59, 67], "excluded_lines": []}, "get_cache_strategies.any_are_iterated": {"executed_lines": [38, 39, 40, 42], "summary": {"covered_lines": 4, "num_statements": 5, "percent_covered": 80.0, "percent_covered_display": "80.00", "missing_lines": 1, "excluded_lines": 0}, "missing_lines": [41], "excluded_lines": []}, "_CacheEntry.__init__": {"executed_lines": [81, 82, 83], "summary": {"covered_lines": 3, "num_statements": 3, "percent_covered": 100.0, "percent_covered_display": "100.00", "missing_lines": 0, "excluded_lines": 0}, "missing_lines": [], "excluded_lines": []}, "OutputCache.__init__": {"executed_lines": [92, 93, 94, 95], "summary": {"covered_lines": 4, "num_statements": 4, "percent_covered": 100.0, "percent_covered_display": "100.00", "missing_lines": 0, "excluded_lines": 0}, "missing_lines": [], "excluded_lines": []}, "OutputCache.keys": {"executed_lines": [98, 99, 100, 101, 102], "summary": {"covered_lines": 5, "num_statements": 5, "percent_covered": 100.0, "percent_covered_display": "100.00", "missing_lines": 0, "excluded_lines": 0}, "missing_lines": [], "excluded_lines": []}, "OutputCache.has": {"executed_lines": [105, 106, 107, 108, 109], "summary": {"covered_lines": 5, "num_statements": 5, "percent_covered": 100.0, "percent_covered_display": "100.00", "missing_lines": 0, "excluded_lines": 0}, "missing_lines": [], "excluded_lines": []}, "OutputCache.get": {"executed_lines": [112, 113, 114, 116, 117, 118, 119, 120, 121, 122, 123, 124, 126, 127, 129], "summary": {"covered_lines": 15, "num_statements": 15, "percent_covered": 100.0, "percent_covered_display": "100.00", "missing_lines": 0, "excluded_lines": 0}, "missing_lines": [], "excluded_lines": []}, "OutputCache.set": {"executed_lines": [132, 133, 134, 135, 137], "summary": {"covered_lines": 5, "num_statements": 5, "percent_covered": 100.0, "percent_covered_display": "100.00", "missing_lines": 0, "excluded_lines": 0}, "missing_lines": [], "excluded_lines": []}, "OutputCache.delete": {"executed_lines": [140, 141, 142], "summary": {"covered_lines": 3, "num_statements": 4, "percent_covered": 75.0, "percent_covered_display": "75.00", "missing_lines": 1, "excluded_lines": 0}, "missing_lines": [143], "excluded_lines": []}, "OutputCache.delete_many": {"executed_lines": [146, 147], "summary": {"covered_lines": 2, "num_statements": 2, "percent_covered": 100.0, "percent_covered_display": "100.00", "missing_lines": 0, "excluded_lines": 0}, "missing_lines": [], "excluded_lines": []}, "OutputCache.clear": {"executed_lines": [150, 151], "summary": {"covered_lines": 2, "num_statements": 2, "percent_covered": 100.0, "percent_covered_display": "100.00", "missing_lines": 0, "excluded_lines": 0}, "missing_lines": [], "excluded_lines": []}, "OutputCache.get_hits_to_live": {"executed_lines": [154, 155, 156, 157], "summary": {"covered_lines": 4, "num_statements": 4, "percent_covered": 100.0, "percent_covered_display": "100.00", "missing_lines": 0, "excluded_lines": 0}, "missing_lines": [], "excluded_lines": []}, "": {"executed_lines": [1, 3, 4, 6, 7, 9, 12, 13, 15, 19, 20, 23, 24, 28, 29, 32, 76, 79, 80, 86, 87, 97, 104, 111, 131, 139, 145, 149, 153], "summary": {"covered_lines": 29, "num_statements": 29, "percent_covered": 100.0, "percent_covered_display": "100.00", "missing_lines": 0, "excluded_lines": 0}, "missing_lines": [], "excluded_lines": []}}, "classes": {"CacheStrategy": {"executed_lines": [16, 17, 21, 25], "summary": {"covered_lines": 4, "num_statements": 4, "percent_covered": 100.0, "percent_covered_display": "100.00", "missing_lines": 0, "excluded_lines": 0}, "missing_lines": [], "excluded_lines": []}, "_CacheEntry": {"executed_lines": [81, 82, 83], "summary": {"covered_lines": 3, "num_statements": 3, "percent_covered": 100.0, "percent_covered_display": "100.00", "missing_lines": 0, "excluded_lines": 0}, "missing_lines": [], "excluded_lines": []}, "OutputCache": {"executed_lines": [92, 93, 94, 95, 98, 99, 100, 101, 102, 105, 106, 107, 108, 109, 112, 113, 114, 116, 117, 118, 119, 120, 121, 122, 123, 124, 126, 127, 129, 132, 133, 134, 135, 137, 140, 141, 142, 146, 147, 150, 151, 154, 155, 156, 157], "summary": {"covered_lines": 45, "num_statements": 46, "percent_covered": 97.82608695652173, "percent_covered_display": "97.83", "missing_lines": 1, "excluded_lines": 0}, "missing_lines": [143], "excluded_lines": []}, "": {"executed_lines": [1, 3, 4, 6, 7, 9, 12, 13, 15, 19, 20, 23, 24, 28, 29, 32, 35, 37, 38, 39, 40, 42, 44, 46, 49, 50, 56, 65, 69, 71, 73, 76, 79, 80, 86, 87, 97, 104, 111, 131, 139, 145, 149, 153], "summary": {"covered_lines": 44, "num_statements": 49, "percent_covered": 89.79591836734694, "percent_covered_display": "89.80", "missing_lines": 5, "excluded_lines": 0}, "missing_lines": [41, 52, 58, 59, 67], "excluded_lines": []}}}, "backend/src/chain/chain.py": {"executed_lines": [1, 3, 4, 6, 8, 9, 12, 13, 14, 15, 16, 17, 20, 21, 27, 31, 32, 38, 42, 43, 49, 53, 56, 57, 58, 59, 62, 63, 64, 65, 68, 69, 70, 71, 74, 75, 76, 78, 79, 80, 81, 82, 84, 85, 88, 89, 90, 91, 92, 93, 95, 96, 98, 99, 100, 102, 103, 104, 106, 111, 112, 113, 114, 116, 117, 119, 123, 124, 125, 126, 127, 128, 130, 136, 137, 138, 141, 142, 143, 144, 146, 150, 151, 152, 153, 154, 155, 157, 161, 162, 164, 165, 167, 169, 172, 174, 175, 177, 179, 183, 185, 186, 189, 191, 205, 206, 208, 209, 210, 212], "summary": {"covered_lines": 110, "num_statements": 138, "percent_covered": 79.71014492753623, "percent_covered_display": "79.71", "missing_lines": 28, "excluded_lines": 0}, "missing_lines": [22, 23, 24, 25, 28, 33, 34, 35, 36, 39, 44, 45, 46, 47, 50, 139, 166, 170, 187, 192, 193, 194, 195, 196, 197, 198, 202, 203], "excluded_lines": [], "functions": {"get_or_add": {"executed_lines": [13, 14, 15, 16, 17], "summary": {"covered_lines": 5, "num_statements": 5, "percent_covered": 100.0, "percent_covered_display": "100.00", "missing_lines": 0, "excluded_lines": 0}, "missing_lines": [], "excluded_lines": []}, "FunctionNode.__init__": {"executed_lines": [], "summary": {"covered_lines": 0, "num_statements": 4, "percent_covered": 0.0, "percent_covered_display": "0.00", "missing_lines": 4, "excluded_lines": 0}, "missing_lines": [22, 23, 24, 25], "excluded_lines": []}, "FunctionNode.has_side_effects": {"executed_lines": [], "summary": {"covered_lines": 0, "num_statements": 1, "percent_covered": 0.0, "percent_covered_display": "0.00", "missing_lines": 1, "excluded_lines": 0}, "missing_lines": [28], "excluded_lines": []}, "GeneratorNode.__init__": {"executed_lines": [], "summary": {"covered_lines": 0, "num_statements": 4, "percent_covered": 0.0, "percent_covered_display": "0.00", "missing_lines": 4, "excluded_lines": 0}, "missing_lines": [33, 34, 35, 36], "excluded_lines": []}, "GeneratorNode.has_side_effects": {"executed_lines": [], "summary": {"covered_lines": 0, "num_statements": 1, "percent_covered": 0.0, "percent_covered_display": "0.00", "missing_lines": 1, "excluded_lines": 0}, "missing_lines": [39], "excluded_lines": []}, "CollectorNode.__init__": {"executed_lines": [], "summary": {"covered_lines": 0, "num_statements": 4, "percent_covered": 0.0, "percent_covered_display": "0.00", "missing_lines": 4, "excluded_lines": 0}, "missing_lines": [44, 45, 46, 47], "excluded_lines": []}, "CollectorNode.has_side_effects": {"executed_lines": [], "summary": {"covered_lines": 0, "num_statements": 1, "percent_covered": 0.0, "percent_covered_display": "0.00", "missing_lines": 1, "excluded_lines": 0}, "missing_lines": [50], "excluded_lines": []}, "ChainInputs.__init__": {"executed_lines": [76], "summary": {"covered_lines": 1, "num_statements": 1, "percent_covered": 100.0, "percent_covered_display": "100.00", "missing_lines": 0, "excluded_lines": 0}, "missing_lines": [], "excluded_lines": []}, "ChainInputs.get": {"executed_lines": [79, 80, 81, 82], "summary": {"covered_lines": 4, "num_statements": 4, "percent_covered": 100.0, "percent_covered_display": "100.00", "missing_lines": 0, "excluded_lines": 0}, "missing_lines": [], "excluded_lines": []}, "ChainInputs.set": {"executed_lines": [85], "summary": {"covered_lines": 1, "num_statements": 1, "percent_covered": 100.0, "percent_covered_display": "100.00", "missing_lines": 0, "excluded_lines": 0}, "missing_lines": [], "excluded_lines": []}, "Chain.__init__": {"executed_lines": [90, 91, 92, 93], "summary": {"covered_lines": 4, "num_statements": 4, "percent_covered": 100.0, "percent_covered_display": "100.00", "missing_lines": 0, "excluded_lines": 0}, "missing_lines": [], "excluded_lines": []}, "Chain.nodes_with_schema_id": {"executed_lines": [96], "summary": {"covered_lines": 1, "num_statements": 1, "percent_covered": 100.0, "percent_covered_display": "100.00", "missing_lines": 0, "excluded_lines": 0}, "missing_lines": [], "excluded_lines": []}, "Chain.add_node": {"executed_lines": [99, 100], "summary": {"covered_lines": 2, "num_statements": 2, "percent_covered": 100.0, "percent_covered_display": "100.00", "missing_lines": 0, "excluded_lines": 0}, "missing_lines": [], "excluded_lines": []}, "Chain.add_edge": {"executed_lines": [103, 104], "summary": {"covered_lines": 2, "num_statements": 2, "per
[...]
.00", "missing_lines": 1, "excluded_lines": 0}, "missing_lines": [1002], "excluded_lines": []}, "Executor.__send_node_progress": {"executed_lines": [], "summary": {"covered_lines": 0, "num_statements": 2, "percent_covered": 0.0, "percent_covered_display": "0.00", "missing_lines": 2, "excluded_lines": 0}, "missing_lines": [1014, 1027], "excluded_lines": []}, "Executor.__send_node_progress.get_eta": {"executed_lines": [], "summary": {"covered_lines": 0, "num_statements": 7, "percent_covered": 0.0, "percent_covered_display": "0.00", "missing_lines": 7, "excluded_lines": 0}, "missing_lines": [1015, 1016, 1018, 1021, 1022, 1024, 1025], "excluded_lines": []}, "Executor.__send_node_progress_done": {"executed_lines": [], "summary": {"covered_lines": 0, "num_statements": 1, "percent_covered": 0.0, "percent_covered_display": "0.00", "missing_lines": 1, "excluded_lines": 0}, "missing_lines": [1041], "excluded_lines": []}, "Executor.__send_node_broadcast": {"executed_lines": [], "summary": {"covered_lines": 0, "num_statements": 4, "percent_covered": 0.0, "percent_covered_display": "0.00", "missing_lines": 4, "excluded_lines": 0}, "missing_lines": [1060, 1072, 1093, 1095], "excluded_lines": []}, "Executor.__send_node_broadcast.compute_broadcast_data": {"executed_lines": [], "summary": {"covered_lines": 0, "num_statements": 6, "percent_covered": 0.0, "percent_covered_display": "0.00", "missing_lines": 6, "excluded_lines": 0}, "missing_lines": [1061, 1063, 1064, 1065, 1066, 1067], "excluded_lines": []}, "Executor.__send_node_broadcast.send_broadcast": {"executed_lines": [], "summary": {"covered_lines": 0, "num_statements": 8, "percent_covered": 0.0, "percent_covered_display": "0.00", "missing_lines": 8, "excluded_lines": 0}, "missing_lines": [1074, 1075, 1076, 1078, 1081, 1082, 1084, 1090], "excluded_lines": []}, "Executor.__send_node_finish": {"executed_lines": [], "summary": {"covered_lines": 0, "num_statements": 1, "percent_covered": 0.0, "percent_covered_display": "0.00", "missing_lines": 1, "excluded_lines": 0}, "missing_lines": [1102], "excluded_lines": []}, "": {"executed_lines": [1, 3, 4, 5, 6, 7, 8, 9, 10, 11, 12, 14, 15, 33, 34, 35, 36, 37, 38, 39, 41, 44, 88, 118, 141, 178, 212, 253, 254, 257, 258, 265, 269, 270, 280, 281, 284, 291, 302, 316, 331, 332, 345, 346, 347, 350, 351, 352, 353, 354, 357, 358, 359, 362, 364, 367, 368, 380, 381, 384, 385, 393, 398, 399, 405, 406, 409, 420, 421, 425, 456, 475, 485, 498, 509, 531, 540, 579, 597, 608, 671, 711, 732, 897, 965, 972, 976, 981, 987, 1001, 1011, 1040, 1054, 1097], "summary": {"covered_lines": 93, "num_statements": 93, "percent_covered": 100.0, "percent_covered_display": "100.00", "missing_lines": 0, "excluded_lines": 0}, "missing_lines": [], "excluded_lines": []}}, "classes": {"_Timer": {"executed_lines": [], "summary": {"covered_lines": 0, "num_statements": 6, "percent_covered": 0.0, "percent_covered_display": "0.00", "missing_lines": 6, "excluded_lines": 0}, "missing_lines": [255, 259, 260, 261, 263, 266], "excluded_lines": []}, "_IterationTimer": {"executed_lines": [], "summary": {"covered_lines": 0, "num_statements": 17, "percent_covered": 0.0, "percent_covered_display": "0.00", "missing_lines": 17, "excluded_lines": 0}, "missing_lines": [271, 272, 274, 275, 277, 278, 282, 285, 286, 288, 289, 292, 293, 295, 296, 298, 299], "excluded_lines": []}, "NodeExecutionError": {"executed_lines": [], "summary": {"covered_lines": 0, "num_statements": 4, "percent_covered": 0.0, "percent_covered_display": "0.00", "missing_lines": 4, "excluded_lines": 0}, "missing_lines": [339, 340, 341, 342], "excluded_lines": []}, "RegularOutput": {"executed_lines": [], "summary": {"covered_lines": 0, "num_statements": 0, "percent_covered": 100.0, "percent_covered_display": "100.00", "missing_lines": 0, "excluded_lines": 0}, "missing_lines": [], "excluded_lines": []}, "GeneratorOutput": {"executed_lines": [], "summary": {"covered_lines": 0, "num_statements": 0, "percent_covered": 100.0, "percent_covered_display": "100.00", "missing_lines": 0, "excluded_lines": 0}, "missing_lines": [], "excluded_lines": []}, "CollectorOutput": {"executed_lines": [], "summary": {"covered_lines": 0, "num_statements": 0, "percent_covered": 100.0, "percent_covered_display": "100.00", "missing_lines": 0, "excluded_lines": 0}, "missing_lines": [], "excluded_lines": []}, "_ExecutorNodeContext": {"executed_lines": [], "summary": {"covered_lines": 0, "num_statements": 17, "percent_covered": 0.0, "percent_covered_display": "0.00", "missing_lines": 17, "excluded_lines": 0}, "missing_lines": [371, 373, 374, 375, 377, 378, 382, 390, 391, 394, 403, 407, 412, 413, 414, 415, 417], "excluded_lines": []}, "Executor": {"executed_lines": [437, 438, 439, 440, 441, 442, 443, 444, 446, 448, 449, 450, 452, 454, 898, 900, 904, 905, 906, 907, 924, 925, 928, 939, 944, 949, 952, 960, 961, 962, 966, 967, 968, 970, 973, 974, 977, 978, 979, 982, 983, 989, 990, 992], "summary": {"covered_lines": 44, "num_statements": 323, "percent_covered": 13.622291021671826, "percent_covered_display": "13.62", "missing_lines": 279, "excluded_lines": 1}, "missing_lines": [460, 461, 462, 463, 465, 466, 467, 468, 469, 470, 471, 472, 473, 481, 482, 483, 494, 495, 496, 505, 506, 507, 517, 519, 521, 523, 524, 525, 526, 528, 529, 532, 535, 538, 546, 547, 548, 549, 550, 551, 554, 555, 556, 557, 559, 560, 562, 563, 564, 566, 567, 571, 573, 574, 575, 577, 584, 586, 587, 589, 590, 591, 592, 593, 595, 598, 599, 600, 601, 603, 604, 606, 618, 619, 621, 622, 624, 625, 627, 628, 629, 631, 633, 639, 641, 642, 643, 644, 645, 647, 649, 650, 652, 653, 654, 655, 656, 664, 665, 667, 669, 677, 678, 680, 682, 683, 684, 685, 687, 688, 689, 690, 692, 694, 695, 698, 699, 700, 702, 703, 705, 706, 707, 709, 714, 716, 717, 718, 720, 721, 723, 725, 726, 727, 728, 730, 733, 735, 736, 737, 738, 739, 741, 744, 747, 748, 749, 753, 756, 757, 758, 759, 761, 764, 767, 768, 769, 770, 771, 772, 773, 775, 776, 778, 779, 781, 784, 789, 790, 792, 793, 794, 796, 797, 798, 800, 803, 804, 807, 812, 815, 818, 819, 822, 823, 824, 827, 828, 829, 831, 833, 834, 835, 836, 837, 838, 846, 847, 849, 850, 851, 852, 853, 854, 855, 856, 857, 859, 862, 863, 864, 865, 869, 872, 873, 876, 877, 878, 879, 883, 885, 887, 893, 894, 895, 909, 910, 913, 914, 915, 917, 918, 919, 920, 922, 929, 930, 931, 932, 933, 934, 945, 946, 953, 954, 955, 956, 957, 963, 1002, 1014, 1015, 1016, 1018, 1021, 1022, 1024, 1025, 1027, 1041, 1060, 1061, 1063, 1064, 1065, 1066, 1067, 1072, 1074, 1075, 1076, 1078, 1081, 1082, 1084, 1090, 1093, 1095, 1102], "excluded_lines": [785]}, "": {"executed_lines": [1, 3, 4, 5, 6, 7, 8, 9, 10, 11, 12, 14, 15, 33, 34, 35, 36, 37, 38, 39, 41, 44, 88, 94, 108, 109, 110, 112, 118, 119, 122, 125, 126, 135, 136, 138, 141, 178, 181, 184, 186, 188, 189, 192, 194, 197, 200, 201, 212, 215, 217, 228, 229, 230, 231, 232, 239, 243, 244, 245, 253, 254, 257, 258, 265, 269, 270, 280, 281, 284, 291, 302, 316, 331, 332, 345, 346, 347, 350, 351, 352, 353, 354, 357, 358, 359, 362, 364, 367, 368, 380, 381, 384, 385, 393, 398, 399, 405, 406, 409, 420, 421, 425, 456, 475, 485, 498, 509, 531, 540, 579, 597, 608, 671, 711, 732, 897, 965, 972, 976, 981, 987, 1001, 1011, 1040, 1054, 1097], "summary": {"covered_lines": 126, "num_statements": 227, "percent_covered": 55.50660792951542, "percent_covered_display": "55.51", "missing_lines": 101, "excluded_lines": 0}, "missing_lines": [49, 50, 52, 53, 54, 56, 58, 59, 61, 62, 63, 64, 65, 72, 73, 74, 75, 81, 82, 84, 85, 95, 96, 99, 100, 101, 102, 104, 105, 106, 111, 113, 114, 115, 123, 124, 128, 129, 130, 142, 143, 145, 147, 148, 151, 157, 158, 160, 161, 164, 167, 168, 169, 171, 182, 190, 195, 196, 198, 202, 203, 204, 205, 206, 208, 209, 218, 219, 220, 221, 222, 223, 225, 226, 233, 234, 237, 246, 247, 250, 303, 304, 305, 306, 307, 308, 309, 310, 311, 312, 313, 319, 320, 321, 322, 323, 324, 325, 326, 327, 328], "excluded_lines": []}}}, "backend/src/progress_controller.py": {"executed_lines": [1, 2, 3, 6, 7, 10, 11, 12, 13, 16, 17, 18, 21, 22, 29, 30, 31, 32, 34, 35, 41, 42, 43, 45, 46, 47, 49, 50, 52, 53, 55, 56, 58, 59, 60, 62, 63, 64, 65, 66, 67, 68, 70], "summary": {"covered_lines": 35, "num_statements": 35, "percent_covered": 100.0, "percent_covered_display": "100.00", "missing_lines": 0, "excluded_lines": 14}, "missing_lines": [], "excluded_lines": [11, 12, 13, 14, 16, 17, 18, 19, 21, 22, 23, 24, 25, 26], "functions": {"ProgressToken.paused": {"executed_lines": [], "summary": {"covered_lines": 0, "num_statements": 0, "percent_covered": 100.0, "percent_covered_display": "100.00", "missing_lines": 0, "excluded_lines": 1}, "missing_lines": [], "excluded_lines": [14]}, "ProgressToken.aborted": {"executed_lines": [], "summary": {"covered_lines": 0, "num_statements": 0, "percent_covered": 100.0, "percent_covered_display": "100.00", "missing_lines": 0, "excluded_lines": 1}, "missing_lines": [], "excluded_lines": [19]}, "ProgressToken.suspend": {"executed_lines": [], "summary": {"covered_lines": 0, "num_statements": 0, "percent_covered": 100.0, "percent_covered_display": "100.00", "missing_lines": 0, "excluded_lines": 4}, "missing_lines": [], "excluded_lines": [23, 24, 25, 26]}, "ProgressController.__init__": {"executed_lines": [31, 32, 34, 35], "summary": {"covered_lines": 4, "num_statements": 4, "percent_covered": 100.0, "percent_covered_display": "100.00", "missing_lines": 0, "excluded_lines": 0}, "missing_lines": [], "excluded_lines": []}, "ProgressController.paused": {"executed_lines": [43], "summary": {"covered_lines": 1, "num_statements": 1, "percent_covered": 100.0, "percent_covered_display": "100.00", "missing_lines": 0, "excluded_lines": 0}, "missing_lines": [], "excluded_lines": []}, "ProgressController.aborted": {"executed_lines": [47], "summary": {"covered_lines": 1, "num_statements": 1, "percent_covered": 100.0, "percent_covered_display": "100.00", "missing_lines": 0, "excluded_lines": 0}, "missing_lines": [], "excluded_lines": []}, "ProgressController.pause": {"executed_lines": [50], "summary": {"covered_lines": 1, "num_statements": 1, "percent_covered": 100.0, "percent_covered_display": "100.00", "missing_lines": 0, "excluded_lines": 0}, "missing_lines": [], "excluded_lines": []}, "ProgressController.resume": {"executed_lines": [53], "summary": {"covered_lines": 1, "num_statements": 1, "percent_covered": 100.0, "percent_covered_display": "100.00", "missing_lines": 0, "excluded_lines": 0}, "missing_lines": [], "excluded_lines": []}, "ProgressController.abort": {"executed_lines": [56], "summary": {"covered_lines": 1, "num_statements": 1, "percent_covered": 100.0, "percent_covered_display": "100.00", "missing_lines": 0, "excluded_lines": 0}, "missing_lines": [], "excluded_lines": []}, "ProgressController.suspend": {"executed_lines": [59, 60, 62, 63, 64, 65, 66, 67, 68, 70], "summary": {"covered_lines": 10, "num_statements": 10, "percent_covered": 100.0, "percent_covered_display": "100.00", "missing_lines": 0, "excluded_lines": 0}, "missing_lines": [], "excluded_lines": []}, "": {"executed_lines": [1, 2, 3, 6, 7, 10, 11, 12, 13, 16, 17, 18, 21, 22, 29, 30, 41, 42, 45, 46, 49, 52, 55, 58], "summary": {"covered_lines": 16, "num_statements": 16, "percent_covered": 100.0, "percent_covered_display": "100.00", "missing_lines": 0, "excluded_lines": 8}, "missing_lines": [], "excluded_lines": [11, 12, 13, 16, 17, 18, 21, 22]}}, "classes": {"Aborted": {"executed_lines": [], "summary": {"covered_lines": 0, "num_statements": 0, "percent_covered": 100.0, "percent_covered_display": "100.00", "missing_lines": 0, "excluded_lines": 0}, "missing_lines": [], "excluded_lines": []}, "ProgressToken": {"executed_lines": [], "summary": {"covered_lines": 0, "num_statements": 0, "percent_covered": 100.0, "percent_covered_display": "100.00", "missing_lines": 0, "excluded_lines": 6}, "missing_lines": [], "excluded_lines": [14, 19, 23, 24, 25, 26]}, "ProgressController": {"executed_lines": [31, 32, 34, 35, 43, 47, 50, 53, 56, 59, 60, 62, 63, 64, 65, 66, 67, 68, 70], "summary": {"covered_lines": 19, "num_statements": 19, "percent_covered": 100.0, "percent_covered_display": "100.00", "missing_lines": 0, "excluded_lines": 0}, "missing_lines": [], "excluded_lines": []}, "": {"executed_lines": [1, 2, 3, 6, 7, 10, 11, 12, 13, 16, 17, 18, 21, 22, 29, 30, 41, 42, 45, 46, 49, 52, 55, 58], "summary": {"covered_lines": 16, "num_statements": 16, "percent_covered": 100.0, "percent_covered_display": "100.00", "missing_lines": 0, "excluded_lines": 8}, "missing_lines": [], "excluded_lines": [11, 12, 13, 16, 17, 18, 21, 22]}}}, "backend/src/response.py": {"executed_lines": [1, 3, 5, 6, 9, 10, 13, 14, 15, 16, 17, 20, 21, 24, 25, 26, 29, 30, 33, 38, 44, 52, 53, 56, 57], "summary": {"covered_lines": 25, "num_statements": 26, "percent_covered": 96.15384615384616, "percent_covered_display": "96.15", "missing_lines": 1, "excluded_lines": 0}, "missing_lines": [39], "excluded_lines": [], "functions": {"success_response": {"executed_lines": [30], "summary": {"covered_lines": 1, "num_statements": 1, "percent_covered": 100.0, "percent_covered_display": "100.00", "missing_lines": 0, "excluded_lines": 0}, "missing_lines": [], "excluded_lines": []}, "error_response": {"executed_lines": [38, 44], "summary": {"covered_lines": 2, "num_statements": 3, "percent_covered": 66.66666666666667, "percent_covered_display": "66.67", "missing_lines": 1, "excluded_lines": 0}, "missing_lines": [39], "excluded_lines": []}, "no_executor_response": {"executed_lines": [53], "summary": {"covered_lines": 1, "num_statements": 1, "percent_covered": 100.0, "percent_covered_display": "100.00", "missing_lines": 0, "excluded_lines": 0}, "missing_lines": [], "excluded_lines": []}, "already_running_response": {"executed_lines": [57], "summary": {"covered_lines": 1, "num_statements": 1, "percent_covered": 100.0, "percent_covered_display": "100.00", "missing_lines": 0, "excluded_lines": 0}, "missing_lines": [], "excluded_lines": []}, "": {"executed_lines": [1, 3, 5, 6, 9, 10, 13, 14, 15, 16, 17, 20, 21, 24, 25, 26, 29, 33, 52, 56], "summary": {"covered_lines": 20, "num_statements": 20, "percent_covered": 100.0, "percent_covered_display": "100.00", "missing_lines": 0, "excluded_lines": 0}, "missing_lines": [], "excluded_lines": []}}, "classes": {"SuccessResponse": {"executed_lines": [], "summary": {"covered_lines": 0, "num_statements": 0, "percent_covered": 100.0, "percent_covered_display": "100.00", "missing_lines": 0, "excluded_lines": 0}, "missing_lines": [], "excluded_lines": []}, "ErrorResponse": {"executed_lines": [], "summary": {"covered_lines": 0, "num_statements": 0, "percent_covered": 100.0, "percent_covered_display": "100.00", "missing_lines": 0, "excluded_lines": 0}, "missing_lines": [], "excluded_lines": []}, "NoExecutorResponse": {"executed_lines": [], "summary": {"covered_lines": 0, "num_statements": 0, "percent_covered": 100.0, "percent_covered_display": "100.00", "missing_lines": 0, "excluded_lines": 0}, "missing_lines": [], "excluded_lines": []}, "AlreadyRunningResponse": {"executed_lines": [], "summary": {"covered_lines": 0, "num_statements": 0, "percent_covered": 100.0, "percent_covered_display": "100.00", "missing_lines": 0, "excluded_lines": 0}, "missing_lines": [], "excluded_lines": []}, "": {"executed_lines": [1, 3, 5, 6, 9, 10, 13, 14, 15, 16, 17, 20, 21, 24, 25, 26, 29, 30, 33, 38, 44, 52, 53, 56, 57], "summary": {"covered_lines": 25, "num_statements": 26, "percent_covered": 96.15384615384616, "percent_covered_display": "96.15", "missing_lines": 1, "excluded_lines": 0}, "missing_lines": [39], "excluded_lines": []}}}, "backend/src/server_config.py": {"executed_lines": [1, 3, 4, 7, 8, 9, 10, 12, 13, 21, 22, 28, 29, 35, 36, 42, 43, 49, 50, 56, 57, 63, 64, 65, 66, 73, 78, 83, 88, 93, 98, 103, 109, 111], "summary": {"covered_lines": 34, "num_statements": 34, "percent_covered": 100.0, "percent_covered_display": "100.00", "missing_lines": 0, "excluded_lines": 0}, "missing_lines": [], "excluded_lines": [], "functions": {"ServerConfig.parse_argv": {"executed_lines": [65, 66, 73, 78, 83, 88, 93, 98, 103, 109, 111], "summary": {"covered_lines": 11, "num_statements": 11, "percent_covered": 100.0, "percent_covered_display": "100.00", "missing_lines": 0, "excluded_lines": 0}, "missing_lines": [], "excluded_lines": []}, "": {"executed_lines": [1, 3, 4, 7, 8, 9, 10, 12, 13, 21, 22, 28, 29, 35, 36, 42, 43, 49, 50, 56, 57, 63, 64], "summary": {"covered_lines": 23, "num_statements": 23, "percent_covered": 100.0, "percent_covered_display": "100.00", "missing_lines": 0, "excluded_lines": 0}, "missing_lines": [], "excluded_lines": []}}, "classes": {"ServerConfig": {"executed_lines": [65, 66, 73, 78, 83, 88, 93, 98, 103, 109, 111], "summary": {"covered_lines": 11, "num_statements": 11, "percent_covered": 100.0, "percent_covered_display": "100.00", "missing_lines": 0, "excluded_lines": 0}, "missing_lines": [], "excluded_lines": []}, "": {"executed_lines": [1, 3, 4, 7, 8, 9, 10, 12, 13, 21, 22, 28, 29, 35, 36, 42, 43, 49, 50, 56, 57, 63, 64], "summary": {"covered_lines": 23, "num_statements": 23, "percent_covered": 100.0, "percent_covered_display": "100.00", "missing_lines": 0, "excluded_lines": 0}, "missing_lines": [], "excluded_lines": []}}}, "backend/src/system.py": {"executed_lines": [1, 2, 4, 5, 6, 7], "summary": {"covered_lines": 6, "num_statements": 6, "percent_covered": 100.0, "percent_covered_display": "100.00", "missing_lines": 0, "excluded_lines": 0}, "missing_lines": [], "excluded_lines": [], "functions": {"": {"executed_lines": [1, 2, 4, 5, 6, 7], "summary": {"covered_lines": 6, "num_statements": 6, "percent_covered": 100.0, "percent_covered_display": "100.00", "missing_lines": 0, "excluded_lines": 0}, "missing_lines": [], "excluded_lines": []}}, "classes": {"": {"executed_lines": [1, 2, 4, 5, 6, 7], "summary": {"covered_lines": 6, "num_statements": 6, "percent_covered": 100.0, "percent_covered_display": "100.00", "missing_lines": 0, "excluded_lines": 0}, "missing_lines": [], "excluded_lines": []}}}, "backend/src/util.py": {"executed_lines": [1, 3, 4, 6, 9, 10, 11, 12, 13, 14, 16, 19, 22, 35, 36, 37, 38, 39, 41, 42, 43, 45, 46, 47, 48, 49, 50, 51, 52, 53, 54], "summary": {"covered_lines": 31, "num_statements": 31, "percent_covered": 100.0, "percent_covered_display": "100.00", "missing_lines": 0, "excluded_lines": 0}, "missing_lines": [], "excluded_lines": [], "functions": {"timed_supplier": {"executed_lines": [10, 16], "summary": {"covered_lines": 2, "num_statements": 2, "percent_covered": 100.0, "percent_covered_display": "100.00", "missing_lines": 0, "excluded_lines": 0}, "missing_lines": [], "excluded_lines": []}, "timed_supplier.wrapper": {"executed_lines": [11, 12, 13, 14], "summary": {"covered_lines": 4, "num_statements": 4, "percent_covered": 100.0, "percent_covered_display": "100.00", "missing_lines": 0, "excluded_lines": 0}, "missing_lines": [], "excluded_lines": []}, "combine_sets": {"executed_lines": [35, 36, 37, 38, 39, 41, 42, 43, 45, 46, 47, 48, 49, 50, 51, 52, 53, 54], "summary": {"covered_lines": 18, "num_statements": 18, "percent_covered": 100.0, "percent_covered_display": "100.00", "missing_lines": 0, "excluded_lines": 0}, "missing_lines": [], "excluded_lines": []}, "": {"executed_lines": [1, 3, 4, 6, 9, 19, 22], "summary": {"covered_lines": 7, "num_statements": 7, "percent_covered": 100.0, "percent_covered_display": "100.00", "missing_lines": 0, "excluded_lines": 0}, "missing_lines": [], "excluded_lines": []}}, "classes": {"": {"executed_lines": [1, 3, 4, 6, 9, 10, 11, 12, 13, 14, 16, 19, 22, 35, 36, 37, 38, 39, 41, 42, 43, 45, 46, 47, 48, 49, 50, 51, 52, 53, 54], "summary": {"covered_lines": 31, "num_statements": 31, "percent_covered": 100.0, "percent_covered_display": "100.00", "missing_lines": 0, "excluded_lines": 0}, "missing_lines": [], "excluded_lines": []}}}}, "totals": {"covered_lines": 1380, "num_statements": 2454, "percent_covered": 56.23471882640587, "percent_covered_display": "56.23", "missing_lines": 1074, "excluded_lines": 61}}